[0.430s] DEBUG:colcon:Command line arguments: ['/usr/bin/colcon', 'build', '--packages-select', 'com2009_team65_2025', '--symlink-install']
[0.430s] DEBUG:colcon:Parsed command line arguments: Namespace(log_base=None, log_level=None, verb_name='build', build_base='build', install_base='install', merge_install=False, symlink_install=True, test_result_base=None, continue_on_error=False, executor='parallel', parallel_workers=12, event_handlers=None, ignore_user_meta=False, metas=['./colcon.meta'], base_paths=['.'], packages_ignore=None, packages_ignore_regex=None, paths=None, packages_up_to=None, packages_up_to_regex=None, packages_above=None, packages_above_and_dependencies=None, packages_above_depth=None, packages_select_by_dep=None, packages_skip_by_dep=None, packages_skip_up_to=None, packages_select_build_failed=False, packages_skip_build_finished=False, packages_select_test_failures=False, packages_skip_test_passed=False, packages_select=['com2009_team65_2025'], packages_skip=None, packages_select_regex=None, packages_skip_regex=None, packages_start=None, packages_end=None, cmake_args=None, cmake_target=None, cmake_target_skip_unavailable=False, cmake_clean_cache=False, cmake_clean_first=False, cmake_force_configure=False, ament_cmake_args=None, catkin_cmake_args=None, catkin_skip_building_tests=False, mixin_files=None, mixin=None, verb_parser=<colcon_mixin.mixin.mixin_argument.MixinArgumentDecorator object at 0x7fb43d845690>, verb_extension=<colcon_core.verb.build.BuildVerb object at 0x7fb43d9befe0>, main=<bound method BuildVerb.main of <colcon_core.verb.build.BuildVerb object at 0x7fb43d9befe0>>, mixin_verb=('build',))
[0.786s] Level 1:colcon.colcon_core.package_discovery:discover_packages(colcon_meta) check parameters
[0.786s] Level 1:colcon.colcon_core.package_discovery:discover_packages(recursive) check parameters
[0.787s] Level 1:colcon.colcon_core.package_discovery:discover_packages(ignore) check parameters
[0.787s] Level 1:colcon.colcon_core.package_discovery:discover_packages(path) check parameters
[0.787s] Level 1:colcon.colcon_core.package_discovery:discover_packages(colcon_meta) discover
[0.787s] Level 1:colcon.colcon_core.package_discovery:discover_packages(recursive) discover
[0.787s] INFO:colcon.colcon_core.package_discovery:Crawling recursively for packages in '/home/student/ros2_ws/src/com2009_team65_2025'
[0.787s] Level 1:colcon.colcon_core.package_identification:_identify(.) by extensions ['ignore', 'ignore_ament_install']
[0.788s] Level 1:colcon.colcon_core.package_identification:_identify(.) by extension 'ignore'
[0.788s] Level 1:colcon.colcon_core.package_identification:_identify(.) by extension 'ignore_ament_install'
[0.788s] Level 1:colcon.colcon_core.package_identification:_identify(.) by extensions ['colcon_pkg']
[0.788s] Level 1:colcon.colcon_core.package_identification:_identify(.) by extension 'colcon_pkg'
[0.788s] Level 1:colcon.colcon_core.package_identification:_identify(.) by extensions ['colcon_meta']
[0.788s] Level 1:colcon.colcon_core.package_identification:_identify(.) by extension 'colcon_meta'
[0.788s] Level 1:colcon.colcon_core.package_identification:_identify(.) by extensions ['ros']
[0.788s] Level 1:colcon.colcon_core.package_identification:_identify(.) by extension 'ros'
[0.817s] DEBUG:colcon.colcon_core.package_identification:Package '.' with type 'ros.ament_cmake' and name 'com2009_team65_2025'
[0.818s] Level 1:colcon.colcon_core.package_discovery:discover_packages(recursive) using defaults
[0.818s] Level 1:colcon.colcon_core.package_discovery:discover_packages(ignore) discover
[0.818s] Level 1:colcon.colcon_core.package_discovery:discover_packages(ignore) using defaults
[0.818s] Level 1:colcon.colcon_core.package_discovery:discover_packages(path) discover
[0.818s] Level 1:colcon.colcon_core.package_discovery:discover_packages(path) using defaults
[0.898s] Level 5:colcon.colcon_core.verb:set package 'com2009_team65_2025' build argument 'cmake_args' from command line to 'None'
[0.898s] Level 5:colcon.colcon_core.verb:set package 'com2009_team65_2025' build argument 'cmake_target' from command line to 'None'
[0.898s] Level 5:colcon.colcon_core.verb:set package 'com2009_team65_2025' build argument 'cmake_target_skip_unavailable' from command line to 'False'
[0.899s] Level 5:colcon.colcon_core.verb:set package 'com2009_team65_2025' build argument 'cmake_clean_cache' from command line to 'False'
[0.899s] Level 5:colcon.colcon_core.verb:set package 'com2009_team65_2025' build argument 'cmake_clean_first' from command line to 'False'
[0.899s] Level 5:colcon.colcon_core.verb:set package 'com2009_team65_2025' build argument 'cmake_force_configure' from command line to 'False'
[0.899s] Level 5:colcon.colcon_core.verb:set package 'com2009_team65_2025' build argument 'ament_cmake_args' from command line to 'None'
[0.900s] Level 5:colcon.colcon_core.verb:set package 'com2009_team65_2025' build argument 'catkin_cmake_args' from command line to 'None'
[0.900s] Level 5:colcon.colcon_core.verb:set package 'com2009_team65_2025' build argument 'catkin_skip_building_tests' from command line to 'False'
[0.900s] DEBUG:colcon.colcon_core.verb:Building package 'com2009_team65_2025' with the following arguments: {'ament_cmake_args': None, 'build_base': '/home/student/ros2_ws/src/com2009_team65_2025/build/com2009_team65_2025', 'catkin_cmake_args': None, 'catkin_skip_building_tests': False, 'cmake_args': None, 'cmake_clean_cache': False, 'cmake_clean_first': False, 'cmake_force_configure': False, 'cmake_target': None, 'cmake_target_skip_unavailable': False, 'install_base': '/home/student/ros2_ws/src/com2009_team65_2025/install/com2009_team65_2025', 'merge_install': False, 'path': '/home/student/ros2_ws/src/com2009_team65_2025', 'symlink_install': True, 'test_result_base': None}
[0.901s] INFO:colcon.colcon_core.executor:Executing jobs using 'parallel' executor
[0.904s] DEBUG:colcon.colcon_parallel_executor.executor.parallel:run_until_complete
[0.904s] INFO:colcon.colcon_ros.task.ament_cmake.build:Building ROS package in '/home/student/ros2_ws/src/com2009_team65_2025' with build type 'ament_cmake'
[0.905s] INFO:colcon.colcon_cmake.task.cmake.build:Building CMake package in '/home/student/ros2_ws/src/com2009_team65_2025'
[0.919s] INFO:colcon.colcon_core.plugin_system:Skipping extension 'colcon_core.shell.bat': Not used on non-Windows systems
[0.920s] INFO:colcon.colcon_core.shell:Skip shell extension 'powershell' for command environment: Not usable outside of PowerShell
[0.921s] DEBUG:colcon.colcon_core.shell:Skip shell extension 'dsv' for command environment
[0.961s] DEBUG:colcon.colcon_core.event_handler.log_command:Invoking command in '/home/student/ros2_ws/src/com2009_team65_2025/build/com2009_team65_2025': CMAKE_PREFIX_PATH=${CMAKE_PREFIX_PATH}:/opt/ros/humble /usr/bin/cmake /home/student/ros2_ws/src/com2009_team65_2025 -DAMENT_CMAKE_SYMLINK_INSTALL=1 -DCMAKE_INSTALL_PREFIX=/home/student/ros2_ws/src/com2009_team65_2025/install/com2009_team65_2025
[2.191s] DEBUG:colcon.colcon_parallel_executor.executor.parallel:run_until_complete was interrupted
[2.192s] DEBUG:colcon.colcon_parallel_executor.executor.parallel:run_until_complete again
[2.206s] Level 1:colcon.colcon_core.environment:create_environment_scripts_only(com2009_team65_2025)
[2.208s] DEBUG:colcon.colcon_core.event_handler.log_command:Invoked command in '/home/student/ros2_ws/src/com2009_team65_2025/build/com2009_team65_2025' returned '-2': CMAKE_PREFIX_PATH=${CMAKE_PREFIX_PATH}:/opt/ros/humble /usr/bin/cmake /home/student/ros2_ws/src/com2009_team65_2025 -DAMENT_CMAKE_SYMLINK_INSTALL=1 -DCMAKE_INSTALL_PREFIX=/home/student/ros2_ws/src/com2009_team65_2025/install/com2009_team65_2025
[2.219s] Level 1:colcon.colcon_core.environment:checking '/home/student/ros2_ws/src/com2009_team65_2025/install/com2009_team65_2025' for CMake module files
[2.219s] Level 1:colcon.colcon_core.environment:checking '/home/student/ros2_ws/src/com2009_team65_2025/install/com2009_team65_2025' for CMake config files
[2.220s] Level 1:colcon.colcon_core.environment:checking '/home/student/ros2_ws/src/com2009_team65_2025/install/com2009_team65_2025/bin'
[2.221s] Level 1:colcon.colcon_core.environment:checking '/home/student/ros2_ws/src/com2009_team65_2025/install/com2009_team65_2025/lib/pkgconfig/com2009_team65_2025.pc'
[2.224s] Level 1:colcon.colcon_core.environment:checking '/home/student/ros2_ws/src/com2009_team65_2025/install/com2009_team65_2025/lib/python3.10/site-packages'
[2.225s] Level 1:colcon.colcon_core.environment:checking '/home/student/ros2_ws/src/com2009_team65_2025/install/com2009_team65_2025/bin'
[2.226s] INFO:colcon.colcon_core.shell:Creating package script '/home/student/ros2_ws/src/com2009_team65_2025/install/com2009_team65_2025/share/com2009_team65_2025/package.ps1'
[2.231s] INFO:colcon.colcon_core.shell:Creating package descriptor '/home/student/ros2_ws/src/com2009_team65_2025/install/com2009_team65_2025/share/com2009_team65_2025/package.dsv'
[2.233s] INFO:colcon.colcon_core.shell:Creating package script '/home/student/ros2_ws/src/com2009_team65_2025/install/com2009_team65_2025/share/com2009_team65_2025/package.sh'
[2.237s] INFO:colcon.colcon_core.shell:Creating package script '/home/student/ros2_ws/src/com2009_team65_2025/install/com2009_team65_2025/share/com2009_team65_2025/package.bash'
[2.240s] INFO:colcon.colcon_core.shell:Creating package script '/home/student/ros2_ws/src/com2009_team65_2025/install/com2009_team65_2025/share/com2009_team65_2025/package.zsh'
[2.243s] Level 1:colcon.colcon_core.environment:create_file_with_runtime_dependencies(/home/student/ros2_ws/src/com2009_team65_2025/install/com2009_team65_2025/share/colcon-core/packages/com2009_team65_2025)
[2.258s] DEBUG:colcon.colcon_parallel_executor.executor.parallel:run_until_complete finished
[2.260s] DEBUG:colcon.colcon_parallel_executor.executor.parallel:closing loop
[2.260s] DEBUG:colcon.colcon_parallel_executor.executor.parallel:loop closed
[2.261s] DEBUG:colcon.colcon_core.event_reactor:joining thread
[2.369s] INFO:colcon.colcon_core.plugin_system:Skipping extension 'colcon_notification.desktop_notification.notify_send': Could not find 'notify-send'
[2.369s] INFO:colcon.colcon_core.plugin_system:Skipping extension 'colcon_notification.desktop_notification.terminal_notifier': Not used on non-Darwin systems
[2.370s] INFO:colcon.colcon_core.plugin_system:Skipping extension 'colcon_notification.desktop_notification.win32': Not used on non-Windows systems
[2.370s] INFO:colcon.colcon_notification.desktop_notification:Sending desktop notification using 'notify2'
[2.499s] DEBUG:colcon.colcon_notification.desktop_notification.notify2:Failed to initialize notify2: org.freedesktop.DBus.Error.Spawn.ExecFailed: /usr/bin/dbus-launch terminated abnormally without any error message
[2.500s] DEBUG:colcon.colcon_core.event_reactor:joined thread
[2.502s] INFO:colcon.colcon_core.shell:Creating prefix script '/home/student/ros2_ws/src/com2009_team65_2025/install/local_setup.ps1'
[2.507s] INFO:colcon.colcon_core.shell:Creating prefix util module '/home/student/ros2_ws/src/com2009_team65_2025/install/_local_setup_util_ps1.py'
[2.510s] INFO:colcon.colcon_core.shell:Creating prefix chain script '/home/student/ros2_ws/src/com2009_team65_2025/install/setup.ps1'
[2.515s] INFO:colcon.colcon_core.shell:Creating prefix script '/home/student/ros2_ws/src/com2009_team65_2025/install/local_setup.sh'
[2.518s] INFO:colcon.colcon_core.shell:Creating prefix util module '/home/student/ros2_ws/src/com2009_team65_2025/install/_local_setup_util_sh.py'
[2.520s] INFO:colcon.colcon_core.shell:Creating prefix chain script '/home/student/ros2_ws/src/com2009_team65_2025/install/setup.sh'
[2.524s] INFO:colcon.colcon_core.shell:Creating prefix script '/home/student/ros2_ws/src/com2009_team65_2025/install/local_setup.bash'
[2.526s] INFO:colcon.colcon_core.shell:Creating prefix chain script '/home/student/ros2_ws/src/com2009_team65_2025/install/setup.bash'
[2.528s] INFO:colcon.colcon_core.shell:Creating prefix script '/home/student/ros2_ws/src/com2009_team65_2025/install/local_setup.zsh'
[2.530s] INFO:colcon.colcon_core.shell:Creating prefix chain script '/home/student/ros2_ws/src/com2009_team65_2025/install/setup.zsh'
