[0.027s] Invoking command in '/home/student/ros2_ws/src/com2009_team65_2025/build/com2009_team65_2025': CMAKE_PREFIX_PATH=${CMAKE_PREFIX_PATH}:/opt/ros/humble /usr/bin/cmake /home/student/ros2_ws/src/com2009_team65_2025 -DAMENT_CMAKE_SYMLINK_INSTALL=1 -DCMAKE_INSTALL_PREFIX=/home/student/ros2_ws/src/com2009_team65_2025/install/com2009_team65_2025
[0.724s] -- The C compiler identification is GNU 11.4.0
[1.417s] -- The CXX compiler identification is GNU 11.4.0
[1.718s] -- Detecting C compiler ABI info
[1.943s] -- Detecting C compiler ABI info - done
[1.950s] -- Check for working C compiler: /usr/bin/cc - skipped
[1.951s] -- Detecting C compile features
[1.953s] -- Detecting C compile features - done
[1.957s] -- Detecting CXX compiler ABI info
[2.140s] -- Detecting CXX compiler ABI info - done
[2.148s] -- Check for working CXX compiler: /usr/bin/c++ - skipped
[2.148s] -- Detecting CXX compile features
[2.148s] -- Detecting CXX compile features - done
[2.186s] -- Found ament_cmake: 1.3.11 (/opt/ros/humble/share/ament_cmake/cmake)
[2.357s] -- Found Python3: /usr/bin/python3 (found version "3.10.12") found components: Interpreter 
[2.436s] -- Override CMake install command with custom implementation using symlinks instead of copying resources
[2.519s] -- Found rclcpp: 16.0.11 (/opt/ros/humble/share/rclcpp/cmake)
[2.790s] -- Found rosidl_generator_c: 3.1.6 (/opt/ros/humble/share/rosidl_generator_c/cmake)
[2.803s] -- Found rosidl_adapter: 3.1.6 (/opt/ros/humble/share/rosidl_adapter/cmake)
[2.825s] -- Found rosidl_generator_cpp: 3.1.6 (/opt/ros/humble/share/rosidl_generator_cpp/cmake)
[2.850s] -- Using all available rosidl_typesupport_c: rosidl_typesupport_fastrtps_c;rosidl_typesupport_introspection_c
[2.877s] -- Using all available rosidl_typesupport_cpp: rosidl_typesupport_fastrtps_cpp;rosidl_typesupport_introspection_cpp
[2.970s] -- Found rmw_implementation_cmake: 6.1.2 (/opt/ros/humble/share/rmw_implementation_cmake/cmake)
[2.978s] -- Found rmw_fastrtps_cpp: 6.2.7 (/opt/ros/humble/share/rmw_fastrtps_cpp/cmake)
[4.623s] -- Found OpenSSL: /usr/lib/x86_64-linux-gnu/libcrypto.so (found version "3.0.2")  
[6.277s] -- Found FastRTPS: /opt/ros/humble/include  
[9.267s] -- Using RMW implementation 'rmw_fastrtps_cpp' as default
[9.291s] -- Looking for pthread.h
[9.475s] -- Looking for pthread.h - found
[9.475s] -- Performing Test CMAKE_HAVE_LIBC_PTHREAD
[9.651s] -- Performing Test CMAKE_HAVE_LIBC_PTHREAD - Success
[9.652s] -- Found Threads: TRUE  
[9.745s] -- Found rclpy: 3.3.15 (/opt/ros/humble/share/rclpy/cmake)
[9.750s] -- Found rosidl_default_generators: 1.2.0 (/opt/ros/humble/share/rosidl_default_generators/cmake)
[10.088s] -- Found ament_cmake_ros: 0.10.0 (/opt/ros/humble/share/ament_cmake_ros/cmake)
[10.429s] -- Using all available rosidl_typesupport_c: rosidl_typesupport_fastrtps_c;rosidl_typesupport_introspection_c
[10.555s] -- Using all available rosidl_typesupport_cpp: rosidl_typesupport_fastrtps_cpp;rosidl_typesupport_introspection_cpp
[10.709s] -- Found PythonInterp: /usr/bin/python3 (found suitable version "3.10.12", minimum required is "3.6") 
[10.713s] -- Found python_cmake_module: 0.10.0 (/opt/ros/humble/share/python_cmake_module/cmake)
[11.176s] -- Found PythonLibs: /usr/lib/x86_64-linux-gnu/libpython3.10.so (found suitable version "3.10.12", minimum required is "3.5") 
[11.177s] -- Using PYTHON_EXECUTABLE: /usr/bin/python3
[11.177s] -- Using PYTHON_INCLUDE_DIRS: /usr/include/python3.10
[11.177s] -- Using PYTHON_LIBRARIES: /usr/lib/x86_64-linux-gnu/libpython3.10.so
[11.197s] -- Found PythonExtra: .so  
[11.324s] -- Configuring done
[11.424s] -- Generating done
[11.446s] -- Build files have been written to: /home/student/ros2_ws/src/com2009_team65_2025/build/com2009_team65_2025
[11.465s] Invoked command in '/home/student/ros2_ws/src/com2009_team65_2025/build/com2009_team65_2025' returned '0': CMAKE_PREFIX_PATH=${CMAKE_PREFIX_PATH}:/opt/ros/humble /usr/bin/cmake /home/student/ros2_ws/src/com2009_team65_2025 -DAMENT_CMAKE_SYMLINK_INSTALL=1 -DCMAKE_INSTALL_PREFIX=/home/student/ros2_ws/src/com2009_team65_2025/install/com2009_team65_2025
[11.469s] Invoking command in '/home/student/ros2_ws/src/com2009_team65_2025/build/com2009_team65_2025': CMAKE_PREFIX_PATH=${CMAKE_PREFIX_PATH}:/opt/ros/humble /usr/bin/cmake --build /home/student/ros2_ws/src/com2009_team65_2025/build/com2009_team65_2025 -- -j12 -l12
[11.515s] [  2%] [34m[1mGenerating C code for ROS interfaces[0m
[11.527s] [  7%] [32mBuilding CXX object CMakeFiles/cpp_executable.dir/src/minimal_node.cpp.o[0m
[11.527s] [  7%] [34m[1mGenerating C++ code for ROS interfaces[0m
[11.538s] [  7%] Built target ament_cmake_python_symlink_com2009_team65_2025
[11.539s] [  7%] Built target ament_cmake_python_symlink_com2009_team65_2025_modules
[11.887s] running egg_info
[11.888s] creating com2009_team65_2025.egg-info
[11.889s] running egg_info
[11.890s] writing com2009_team65_2025.egg-info/PKG-INFO
[11.891s] writing dependency_links to com2009_team65_2025.egg-info/dependency_links.txt
[11.892s] creating com2009_team65_2025_modules.egg-info
[11.892s] writing top-level names to com2009_team65_2025.egg-info/top_level.txt
[11.893s] writing com2009_team65_2025_modules.egg-info/PKG-INFO
[11.894s] writing dependency_links to com2009_team65_2025_modules.egg-info/dependency_links.txt
[11.895s] writing manifest file 'com2009_team65_2025.egg-info/SOURCES.txt'
[11.896s] writing top-level names to com2009_team65_2025_modules.egg-info/top_level.txt
[11.896s] writing manifest file 'com2009_team65_2025_modules.egg-info/SOURCES.txt'
[11.902s] reading manifest file 'com2009_team65_2025.egg-info/SOURCES.txt'
[11.904s] writing manifest file 'com2009_team65_2025.egg-info/SOURCES.txt'
[11.905s] reading manifest file 'com2009_team65_2025_modules.egg-info/SOURCES.txt'
[11.909s] writing manifest file 'com2009_team65_2025_modules.egg-info/SOURCES.txt'
[11.971s] [  7%] Built target ament_cmake_python_build_com2009_team65_2025_egg
[11.972s] [  7%] Built target ament_cmake_python_build_com2009_team65_2025_modules_egg
[12.430s] [ 12%] [32mBuilding C object CMakeFiles/com2009_team65_2025__rosidl_generator_c.dir/rosidl_generator_c/com2009_team65_2025/action/detail/avoiding_obstacles__functions.c.o[0m
[12.430s] [ 12%] [32mBuilding C object CMakeFiles/com2009_team65_2025__rosidl_generator_c.dir/rosidl_generator_c/com2009_team65_2025/action/detail/explore_forward__functions.c.o[0m
[12.431s] [ 12%] Built target com2009_team65_2025__cpp
[12.444s] [ 19%] [34m[1mGenerating C++ type support for eProsima Fast-RTPS[0m
[12.444s] [ 19%] [34m[1mGenerating C++ introspection for ROS interfaces[0m
[12.444s] [ 19%] [34m[1mGenerating C++ type support dispatch for ROS interfaces[0m
[12.614s] [ 21%] [32m[1mLinking C shared library libcom2009_team65_2025__rosidl_generator_c.so[0m
[12.757s] [ 21%] Built target com2009_team65_2025__rosidl_generator_c
[12.771s] [ 26%] [34m[1mGenerating C introspection for ROS interfaces[0m
[12.772s] [ 26%] [34m[1mGenerating C type support for eProsima Fast-RTPS[0m
[12.774s] [ 29%] [34m[1mGenerating C type support dispatch for ROS interfaces[0m
[13.051s] [ 34%] [32mBuilding CXX object CMakeFiles/com2009_team65_2025__rosidl_typesupport_cpp.dir/rosidl_typesupport_cpp/com2009_team65_2025/action/avoiding_obstacles__type_support.cpp.o[0m
[13.051s] [ 34%] [32mBuilding CXX object CMakeFiles/com2009_team65_2025__rosidl_typesupport_cpp.dir/rosidl_typesupport_cpp/com2009_team65_2025/action/explore_forward__type_support.cpp.o[0m
[13.185s] [ 36%] [32mBuilding CXX object CMakeFiles/com2009_team65_2025__rosidl_typesupport_introspection_cpp.dir/rosidl_typesupport_introspection_cpp/com2009_team65_2025/action/detail/avoiding_obstacles__type_support.cpp.o[0m
[13.186s] [ 39%] [32mBuilding CXX object CMakeFiles/com2009_team65_2025__rosidl_typesupport_introspection_cpp.dir/rosidl_typesupport_introspection_cpp/com2009_team65_2025/action/detail/explore_forward__type_support.cpp.o[0m
[13.438s] [ 41%] [32mBuilding CXX object CMakeFiles/com2009_team65_2025__rosidl_typesupport_fastrtps_cpp.dir/rosidl_typesupport_fastrtps_cpp/com2009_team65_2025/action/detail/dds_fastrtps/explore_forward__type_support.cpp.o[0m
[13.451s] [ 43%] [32mBuilding CXX object CMakeFiles/com2009_team65_2025__rosidl_typesupport_fastrtps_cpp.dir/rosidl_typesupport_fastrtps_cpp/com2009_team65_2025/action/detail/dds_fastrtps/avoiding_obstacles__type_support.cpp.o[0m
[13.601s] [ 46%] [32mBuilding CXX object CMakeFiles/com2009_team65_2025__rosidl_typesupport_c.dir/rosidl_typesupport_c/com2009_team65_2025/action/explore_forward__type_support.cpp.o[0m
[13.602s] [ 48%] [32mBuilding CXX object CMakeFiles/com2009_team65_2025__rosidl_typesupport_c.dir/rosidl_typesupport_c/com2009_team65_2025/action/avoiding_obstacles__type_support.cpp.o[0m
[13.695s] [ 51%] [32m[1mLinking CXX shared library libcom2009_team65_2025__rosidl_typesupport_c.so[0m
[13.841s] [ 53%] [32mBuilding C object CMakeFiles/com2009_team65_2025__rosidl_typesupport_introspection_c.dir/rosidl_typesupport_introspection_c/com2009_team65_2025/action/detail/explore_forward__type_support.c.o[0m
[13.845s] [ 56%] [32mBuilding C object CMakeFiles/com2009_team65_2025__rosidl_typesupport_introspection_c.dir/rosidl_typesupport_introspection_c/com2009_team65_2025/action/detail/avoiding_obstacles__type_support.c.o[0m
[13.910s] [ 56%] Built target com2009_team65_2025__rosidl_typesupport_c
[13.936s] [ 58%] [32mBuilding CXX object CMakeFiles/com2009_team65_2025__rosidl_typesupport_fastrtps_c.dir/rosidl_typesupport_fastrtps_c/com2009_team65_2025/action/detail/avoiding_obstacles__type_support_c.cpp.o[0m
[13.937s] [ 60%] [32mBuilding CXX object CMakeFiles/com2009_team65_2025__rosidl_typesupport_fastrtps_c.dir/rosidl_typesupport_fastrtps_c/com2009_team65_2025/action/detail/explore_forward__type_support_c.cpp.o[0m
[13.941s] [ 63%] [32m[1mLinking C shared library libcom2009_team65_2025__rosidl_typesupport_introspection_c.so[0m
[14.005s] [ 65%] [32m[1mLinking CXX shared library libcom2009_team65_2025__rosidl_typesupport_cpp.so[0m
[14.120s] [ 65%] Built target com2009_team65_2025__rosidl_typesupport_introspection_c
[14.205s] [ 65%] Built target com2009_team65_2025__rosidl_typesupport_cpp
[14.374s] [ 68%] [32m[1mLinking CXX shared library libcom2009_team65_2025__rosidl_typesupport_introspection_cpp.so[0m
[14.505s] [ 70%] [32m[1mLinking CXX shared library libcom2009_team65_2025__rosidl_typesupport_fastrtps_cpp.so[0m
[14.527s] [ 73%] [32m[1mLinking CXX shared library libcom2009_team65_2025__rosidl_typesupport_fastrtps_c.so[0m
[14.620s] [ 73%] Built target com2009_team65_2025__rosidl_typesupport_introspection_cpp
[14.714s] [ 73%] Built target com2009_team65_2025__rosidl_typesupport_fastrtps_cpp
[14.739s] [ 73%] Built target com2009_team65_2025__rosidl_typesupport_fastrtps_c
[14.764s] [ 73%] Built target com2009_team65_2025
[14.789s] [ 75%] [34m[1mGenerating Python code for ROS interfaces[0m
[16.206s] [ 75%] Built target com2009_team65_2025__py
[16.229s] [ 80%] [32mBuilding C object CMakeFiles/com2009_team65_2025__rosidl_generator_py.dir/rosidl_generator_py/com2009_team65_2025/action/_avoiding_obstacles_s.c.o[0m
[16.229s] [ 80%] [32mBuilding C object CMakeFiles/com2009_team65_2025__rosidl_generator_py.dir/rosidl_generator_py/com2009_team65_2025/action/_explore_forward_s.c.o[0m
[16.442s] [ 82%] [32m[1mLinking C shared library rosidl_generator_py/com2009_team65_2025/libcom2009_team65_2025__rosidl_generator_py.so[0m
[16.487s] [ 85%] [32m[1mLinking CXX executable cpp_executable[0m
[16.567s] [ 85%] Built target com2009_team65_2025__rosidl_generator_py
[16.593s] [ 90%] [32mBuilding C object CMakeFiles/com2009_team65_2025__rosidl_typesupport_introspection_c__pyext.dir/rosidl_generator_py/com2009_team65_2025/_com2009_team65_2025_s.ep.rosidl_typesupport_introspection_c.c.o[0m
[16.593s] [ 90%] [32mBuilding C object CMakeFiles/com2009_team65_2025__rosidl_typesupport_fastrtps_c__pyext.dir/rosidl_generator_py/com2009_team65_2025/_com2009_team65_2025_s.ep.rosidl_typesupport_fastrtps_c.c.o[0m
[16.593s] [ 92%] [32mBuilding C object CMakeFiles/com2009_team65_2025__rosidl_typesupport_c__pyext.dir/rosidl_generator_py/com2009_team65_2025/_com2009_team65_2025_s.ep.rosidl_typesupport_c.c.o[0m
[16.744s] [ 95%] [32m[1mLinking C shared library rosidl_generator_py/com2009_team65_2025/com2009_team65_2025_s__rosidl_typesupport_c.cpython-310-x86_64-linux-gnu.so[0m
[16.753s] [ 97%] [32m[1mLinking C shared library rosidl_generator_py/com2009_team65_2025/com2009_team65_2025_s__rosidl_typesupport_introspection_c.cpython-310-x86_64-linux-gnu.so[0m
[16.758s] [100%] [32m[1mLinking C shared library rosidl_generator_py/com2009_team65_2025/com2009_team65_2025_s__rosidl_typesupport_fastrtps_c.cpython-310-x86_64-linux-gnu.so[0m
[16.760s] [100%] Built target cpp_executable
[16.864s] [100%] Built target com2009_team65_2025__rosidl_typesupport_fastrtps_c__pyext
[16.864s] [100%] Built target com2009_team65_2025__rosidl_typesupport_c__pyext
[16.870s] [100%] Built target com2009_team65_2025__rosidl_typesupport_introspection_c__pyext
[16.885s] Invoked command in '/home/student/ros2_ws/src/com2009_team65_2025/build/com2009_team65_2025' returned '0': CMAKE_PREFIX_PATH=${CMAKE_PREFIX_PATH}:/opt/ros/humble /usr/bin/cmake --build /home/student/ros2_ws/src/com2009_team65_2025/build/com2009_team65_2025 -- -j12 -l12
[16.900s] Invoking command in '/home/student/ros2_ws/src/com2009_team65_2025/build/com2009_team65_2025': CMAKE_PREFIX_PATH=${CMAKE_PREFIX_PATH}:/opt/ros/humble /usr/bin/cmake --install /home/student/ros2_ws/src/com2009_team65_2025/build/com2009_team65_2025
[16.907s] -- Install configuration: ""
[16.908s] -- Execute custom install script
[16.910s] -- Symlinking: /home/student/ros2_ws/src/com2009_team65_2025/install/com2009_team65_2025/share/ament_index/resource_index/rosidl_interfaces/com2009_team65_2025
[16.922s] -- Symlinking: /home/student/ros2_ws/src/com2009_team65_2025/install/com2009_team65_2025/include/com2009_team65_2025/com2009_team65_2025/action/avoiding_obstacles.h
[16.932s] -- Symlinking: /home/student/ros2_ws/src/com2009_team65_2025/install/com2009_team65_2025/include/com2009_team65_2025/com2009_team65_2025/action/detail/avoiding_obstacles__functions.h
[16.942s] -- Symlinking: /home/student/ros2_ws/src/com2009_team65_2025/install/com2009_team65_2025/include/com2009_team65_2025/com2009_team65_2025/action/detail/avoiding_obstacles__struct.h
[16.952s] -- Symlinking: /home/student/ros2_ws/src/com2009_team65_2025/install/com2009_team65_2025/include/com2009_team65_2025/com2009_team65_2025/action/detail/avoiding_obstacles__type_support.h
[16.963s] -- Symlinking: /home/student/ros2_ws/src/com2009_team65_2025/install/com2009_team65_2025/include/com2009_team65_2025/com2009_team65_2025/action/detail/explore_forward__functions.h
[16.973s] -- Symlinking: /home/student/ros2_ws/src/com2009_team65_2025/install/com2009_team65_2025/include/com2009_team65_2025/com2009_team65_2025/action/detail/explore_forward__struct.h
[16.985s] -- Symlinking: /home/student/ros2_ws/src/com2009_team65_2025/install/com2009_team65_2025/include/com2009_team65_2025/com2009_team65_2025/action/detail/explore_forward__type_support.h
[16.996s] -- Symlinking: /home/student/ros2_ws/src/com2009_team65_2025/install/com2009_team65_2025/include/com2009_team65_2025/com2009_team65_2025/action/explore_forward.h
[17.007s] -- Symlinking: /home/student/ros2_ws/src/com2009_team65_2025/install/com2009_team65_2025/include/com2009_team65_2025/com2009_team65_2025/msg/rosidl_generator_c__visibility_control.h
[17.018s] -- Symlinking: /home/student/ros2_ws/src/com2009_team65_2025/install/com2009_team65_2025/share/com2009_team65_2025/environment/library_path.sh
[17.028s] -- Symlinking: /home/student/ros2_ws/src/com2009_team65_2025/install/com2009_team65_2025/share/com2009_team65_2025/environment/library_path.dsv
[17.039s] -- Symlinking: /home/student/ros2_ws/src/com2009_team65_2025/install/com2009_team65_2025/include/com2009_team65_2025/com2009_team65_2025/action/detail/avoiding_obstacles__rosidl_typesupport_fastrtps_c.h
[17.049s] -- Symlinking: /home/student/ros2_ws/src/com2009_team65_2025/install/com2009_team65_2025/include/com2009_team65_2025/com2009_team65_2025/action/detail/explore_forward__rosidl_typesupport_fastrtps_c.h
[17.059s] -- Symlinking: /home/student/ros2_ws/src/com2009_team65_2025/install/com2009_team65_2025/include/com2009_team65_2025/com2009_team65_2025/msg/rosidl_typesupport_fastrtps_c__visibility_control.h
[17.070s] -- Symlinking: /home/student/ros2_ws/src/com2009_team65_2025/install/com2009_team65_2025/include/com2009_team65_2025/com2009_team65_2025/action/avoiding_obstacles.hpp
[17.080s] -- Symlinking: /home/student/ros2_ws/src/com2009_team65_2025/install/com2009_team65_2025/include/com2009_team65_2025/com2009_team65_2025/action/detail/avoiding_obstacles__builder.hpp
[17.091s] -- Symlinking: /home/student/ros2_ws/src/com2009_team65_2025/install/com2009_team65_2025/include/com2009_team65_2025/com2009_team65_2025/action/detail/avoiding_obstacles__struct.hpp
[17.102s] -- Symlinking: /home/student/ros2_ws/src/com2009_team65_2025/install/com2009_team65_2025/include/com2009_team65_2025/com2009_team65_2025/action/detail/avoiding_obstacles__traits.hpp
[17.112s] -- Symlinking: /home/student/ros2_ws/src/com2009_team65_2025/install/com2009_team65_2025/include/com2009_team65_2025/com2009_team65_2025/action/detail/avoiding_obstacles__type_support.hpp
[17.122s] -- Symlinking: /home/student/ros2_ws/src/com2009_team65_2025/install/com2009_team65_2025/include/com2009_team65_2025/com2009_team65_2025/action/detail/explore_forward__builder.hpp
[17.132s] -- Symlinking: /home/student/ros2_ws/src/com2009_team65_2025/install/com2009_team65_2025/include/com2009_team65_2025/com2009_team65_2025/action/detail/explore_forward__struct.hpp
[17.143s] -- Symlinking: /home/student/ros2_ws/src/com2009_team65_2025/install/com2009_team65_2025/include/com2009_team65_2025/com2009_team65_2025/action/detail/explore_forward__traits.hpp
[17.153s] -- Symlinking: /home/student/ros2_ws/src/com2009_team65_2025/install/com2009_team65_2025/include/com2009_team65_2025/com2009_team65_2025/action/detail/explore_forward__type_support.hpp
[17.163s] -- Symlinking: /home/student/ros2_ws/src/com2009_team65_2025/install/com2009_team65_2025/include/com2009_team65_2025/com2009_team65_2025/action/explore_forward.hpp
[17.173s] -- Symlinking: /home/student/ros2_ws/src/com2009_team65_2025/install/com2009_team65_2025/include/com2009_team65_2025/com2009_team65_2025/msg/rosidl_generator_cpp__visibility_control.hpp
[17.184s] -- Symlinking: /home/student/ros2_ws/src/com2009_team65_2025/install/com2009_team65_2025/include/com2009_team65_2025/com2009_team65_2025/action/detail/avoiding_obstacles__rosidl_typesupport_fastrtps_cpp.hpp
[17.194s] -- Symlinking: /home/student/ros2_ws/src/com2009_team65_2025/install/com2009_team65_2025/include/com2009_team65_2025/com2009_team65_2025/action/detail/explore_forward__rosidl_typesupport_fastrtps_cpp.hpp
[17.204s] -- Symlinking: /home/student/ros2_ws/src/com2009_team65_2025/install/com2009_team65_2025/include/com2009_team65_2025/com2009_team65_2025/msg/rosidl_typesupport_fastrtps_cpp__visibility_control.h
[17.214s] -- Symlinking: /home/student/ros2_ws/src/com2009_team65_2025/install/com2009_team65_2025/include/com2009_team65_2025/com2009_team65_2025/action/detail/avoiding_obstacles__rosidl_typesupport_introspection_c.h
[17.224s] -- Symlinking: /home/student/ros2_ws/src/com2009_team65_2025/install/com2009_team65_2025/include/com2009_team65_2025/com2009_team65_2025/action/detail/explore_forward__rosidl_typesupport_introspection_c.h
[17.234s] -- Symlinking: /home/student/ros2_ws/src/com2009_team65_2025/install/com2009_team65_2025/include/com2009_team65_2025/com2009_team65_2025/msg/rosidl_typesupport_introspection_c__visibility_control.h
[17.245s] -- Symlinking: /home/student/ros2_ws/src/com2009_team65_2025/install/com2009_team65_2025/include/com2009_team65_2025/com2009_team65_2025/action/detail/avoiding_obstacles__rosidl_typesupport_introspection_cpp.hpp
[17.254s] -- Symlinking: /home/student/ros2_ws/src/com2009_team65_2025/install/com2009_team65_2025/include/com2009_team65_2025/com2009_team65_2025/action/detail/explore_forward__rosidl_typesupport_introspection_cpp.hpp
[17.264s] -- Symlinking: /home/student/ros2_ws/src/com2009_team65_2025/install/com2009_team65_2025/share/com2009_team65_2025/environment/pythonpath.sh
[17.274s] -- Symlinking: /home/student/ros2_ws/src/com2009_team65_2025/install/com2009_team65_2025/share/com2009_team65_2025/environment/pythonpath.dsv
[17.287s] -- Symlinking: /home/student/ros2_ws/src/com2009_team65_2025/install/com2009_team65_2025/local/lib/python3.10/dist-packages/com2009_team65_2025-0.0.0-py3.10.egg-info/PKG-INFO
[17.297s] -- Symlinking: /home/student/ros2_ws/src/com2009_team65_2025/install/com2009_team65_2025/local/lib/python3.10/dist-packages/com2009_team65_2025-0.0.0-py3.10.egg-info/SOURCES.txt
[17.308s] -- Symlinking: /home/student/ros2_ws/src/com2009_team65_2025/install/com2009_team65_2025/local/lib/python3.10/dist-packages/com2009_team65_2025-0.0.0-py3.10.egg-info/dependency_links.txt
[17.318s] -- Symlinking: /home/student/ros2_ws/src/com2009_team65_2025/install/com2009_team65_2025/local/lib/python3.10/dist-packages/com2009_team65_2025-0.0.0-py3.10.egg-info/top_level.txt
[17.329s] -- Symlinking: /home/student/ros2_ws/src/com2009_team65_2025/install/com2009_team65_2025/local/lib/python3.10/dist-packages/com2009_team65_2025/__init__.py
[17.339s] -- Symlinking: /home/student/ros2_ws/src/com2009_team65_2025/install/com2009_team65_2025/local/lib/python3.10/dist-packages/com2009_team65_2025/_com2009_team65_2025_s.ep.rosidl_typesupport_c.c
[17.349s] -- Symlinking: /home/student/ros2_ws/src/com2009_team65_2025/install/com2009_team65_2025/local/lib/python3.10/dist-packages/com2009_team65_2025/_com2009_team65_2025_s.ep.rosidl_typesupport_fastrtps_c.c
[17.359s] -- Symlinking: /home/student/ros2_ws/src/com2009_team65_2025/install/com2009_team65_2025/local/lib/python3.10/dist-packages/com2009_team65_2025/_com2009_team65_2025_s.ep.rosidl_typesupport_introspection_c.c
[17.369s] -- Symlinking: /home/student/ros2_ws/src/com2009_team65_2025/install/com2009_team65_2025/local/lib/python3.10/dist-packages/com2009_team65_2025/action/__init__.py
[17.379s] -- Symlinking: /home/student/ros2_ws/src/com2009_team65_2025/install/com2009_team65_2025/local/lib/python3.10/dist-packages/com2009_team65_2025/action/_avoiding_obstacles.py
[17.390s] -- Symlinking: /home/student/ros2_ws/src/com2009_team65_2025/install/com2009_team65_2025/local/lib/python3.10/dist-packages/com2009_team65_2025/action/_avoiding_obstacles_s.c
[17.400s] -- Symlinking: /home/student/ros2_ws/src/com2009_team65_2025/install/com2009_team65_2025/local/lib/python3.10/dist-packages/com2009_team65_2025/action/_explore_forward.py
[17.413s] -- Symlinking: /home/student/ros2_ws/src/com2009_team65_2025/install/com2009_team65_2025/local/lib/python3.10/dist-packages/com2009_team65_2025/action/_explore_forward_s.c
[17.423s] -- Symlinking: /home/student/ros2_ws/src/com2009_team65_2025/install/com2009_team65_2025/local/lib/python3.10/dist-packages/com2009_team65_2025/com2009_team65_2025_s__rosidl_typesupport_c.cpython-310-x86_64-linux-gnu.so
[17.433s] -- Symlinking: /home/student/ros2_ws/src/com2009_team65_2025/install/com2009_team65_2025/local/lib/python3.10/dist-packages/com2009_team65_2025/com2009_team65_2025_s__rosidl_typesupport_fastrtps_c.cpython-310-x86_64-linux-gnu.so
[17.444s] -- Symlinking: /home/student/ros2_ws/src/com2009_team65_2025/install/com2009_team65_2025/local/lib/python3.10/dist-packages/com2009_team65_2025/com2009_team65_2025_s__rosidl_typesupport_introspection_c.cpython-310-x86_64-linux-gnu.so
[17.453s] -- Symlinking: /home/student/ros2_ws/src/com2009_team65_2025/install/com2009_team65_2025/local/lib/python3.10/dist-packages/com2009_team65_2025/libcom2009_team65_2025__rosidl_generator_py.so
[17.463s] -- Up-to-date symlink: /home/student/ros2_ws/src/com2009_team65_2025/install/com2009_team65_2025/local/lib/python3.10/dist-packages/com2009_team65_2025/com2009_team65_2025_s__rosidl_typesupport_fastrtps_c.cpython-310-x86_64-linux-gnu.so
[17.464s] -- Up-to-date symlink: /home/student/ros2_ws/src/com2009_team65_2025/install/com2009_team65_2025/local/lib/python3.10/dist-packages/com2009_team65_2025/com2009_team65_2025_s__rosidl_typesupport_introspection_c.cpython-310-x86_64-linux-gnu.so
[17.464s] -- Up-to-date symlink: /home/student/ros2_ws/src/com2009_team65_2025/install/com2009_team65_2025/local/lib/python3.10/dist-packages/com2009_team65_2025/com2009_team65_2025_s__rosidl_typesupport_c.cpython-310-x86_64-linux-gnu.so
[17.464s] -- Symlinking: /home/student/ros2_ws/src/com2009_team65_2025/install/com2009_team65_2025/share/com2009_team65_2025/action/ExploreForward.idl
[17.476s] -- Symlinking: /home/student/ros2_ws/src/com2009_team65_2025/install/com2009_team65_2025/share/com2009_team65_2025/action/AvoidingObstacles.idl
[17.487s] -- Symlinking: /home/student/ros2_ws/src/com2009_team65_2025/install/com2009_team65_2025/share/com2009_team65_2025/action/ExploreForward.action
[17.498s] -- Symlinking: /home/student/ros2_ws/src/com2009_team65_2025/install/com2009_team65_2025/share/com2009_team65_2025/action/AvoidingObstacles.action
[17.510s] -- Symlinking: /home/student/ros2_ws/src/com2009_team65_2025/install/com2009_team65_2025/lib/com2009_team65_2025/cpp_executable
[17.520s] -- Symlinking: /home/student/ros2_ws/src/com2009_team65_2025/install/com2009_team65_2025/local/lib/python3.10/dist-packages/com2009_team65_2025_modules-0.0.0-py3.10.egg-info/PKG-INFO
[17.529s] -- Symlinking: /home/student/ros2_ws/src/com2009_team65_2025/install/com2009_team65_2025/local/lib/python3.10/dist-packages/com2009_team65_2025_modules-0.0.0-py3.10.egg-info/SOURCES.txt
[17.539s] -- Symlinking: /home/student/ros2_ws/src/com2009_team65_2025/install/com2009_team65_2025/local/lib/python3.10/dist-packages/com2009_team65_2025_modules-0.0.0-py3.10.egg-info/dependency_links.txt
[17.550s] -- Symlinking: /home/student/ros2_ws/src/com2009_team65_2025/install/com2009_team65_2025/local/lib/python3.10/dist-packages/com2009_team65_2025_modules-0.0.0-py3.10.egg-info/top_level.txt
[17.560s] -- Symlinking: /home/student/ros2_ws/src/com2009_team65_2025/install/com2009_team65_2025/local/lib/python3.10/dist-packages/com2009_team65_2025_modules/__init__.py
[17.569s] -- Symlinking: /home/student/ros2_ws/src/com2009_team65_2025/install/com2009_team65_2025/local/lib/python3.10/dist-packages/com2009_team65_2025_modules/tb3_tools.py
[17.581s] -- Symlinking: /home/student/ros2_ws/src/com2009_team65_2025/install/com2009_team65_2025/lib/com2009_team65_2025/avoiding_obstacles_client.py
[17.591s] -- Symlinking: /home/student/ros2_ws/src/com2009_team65_2025/install/com2009_team65_2025/lib/com2009_team65_2025/avoiding_obstacles_server.py
[17.602s] -- Symlinking: /home/student/ros2_ws/src/com2009_team65_2025/install/com2009_team65_2025/lib/com2009_team65_2025/explore_forward_server.py
[17.612s] -- Symlinking: /home/student/ros2_ws/src/com2009_team65_2025/install/com2009_team65_2025/lib/com2009_team65_2025/explore_forward_client.py
[17.621s] -- Symlinking: /home/student/ros2_ws/src/com2009_team65_2025/install/com2009_team65_2025/lib/com2009_team65_2025/velocity_controller.py
[17.633s] -- Symlinking: /home/student/ros2_ws/src/com2009_team65_2025/install/com2009_team65_2025/share/com2009_team65_2025/launch/task1.launch.py
[17.645s] -- Symlinking: /home/student/ros2_ws/src/com2009_team65_2025/install/com2009_team65_2025/share/com2009_team65_2025/launch/task2.launch.py
[17.657s] -- Symlinking: /home/student/ros2_ws/src/com2009_team65_2025/install/com2009_team65_2025/share/ament_index/resource_index/package_run_dependencies/com2009_team65_2025
[17.667s] -- Symlinking: /home/student/ros2_ws/src/com2009_team65_2025/install/com2009_team65_2025/share/ament_index/resource_index/parent_prefix_path/com2009_team65_2025
[17.678s] -- Symlinking: /home/student/ros2_ws/src/com2009_team65_2025/install/com2009_team65_2025/share/com2009_team65_2025/environment/ament_prefix_path.sh
[17.689s] -- Symlinking: /home/student/ros2_ws/src/com2009_team65_2025/install/com2009_team65_2025/share/com2009_team65_2025/environment/ament_prefix_path.dsv
[17.699s] -- Symlinking: /home/student/ros2_ws/src/com2009_team65_2025/install/com2009_team65_2025/share/com2009_team65_2025/environment/path.sh
[17.709s] -- Symlinking: /home/student/ros2_ws/src/com2009_team65_2025/install/com2009_team65_2025/share/com2009_team65_2025/environment/path.dsv
[17.719s] -- Symlinking: /home/student/ros2_ws/src/com2009_team65_2025/install/com2009_team65_2025/share/com2009_team65_2025/local_setup.bash
[17.729s] -- Symlinking: /home/student/ros2_ws/src/com2009_team65_2025/install/com2009_team65_2025/share/com2009_team65_2025/local_setup.sh
[17.740s] -- Symlinking: /home/student/ros2_ws/src/com2009_team65_2025/install/com2009_team65_2025/share/com2009_team65_2025/local_setup.zsh
[17.750s] -- Symlinking: /home/student/ros2_ws/src/com2009_team65_2025/install/com2009_team65_2025/share/com2009_team65_2025/local_setup.dsv
[17.760s] -- Symlinking: /home/student/ros2_ws/src/com2009_team65_2025/install/com2009_team65_2025/share/com2009_team65_2025/package.dsv
[17.770s] -- Symlinking: /home/student/ros2_ws/src/com2009_team65_2025/install/com2009_team65_2025/share/ament_index/resource_index/packages/com2009_team65_2025
[17.781s] -- Symlinking: /home/student/ros2_ws/src/com2009_team65_2025/install/com2009_team65_2025/share/com2009_team65_2025/cmake/rosidl_cmake-extras.cmake
[17.792s] -- Symlinking: /home/student/ros2_ws/src/com2009_team65_2025/install/com2009_team65_2025/share/com2009_team65_2025/cmake/ament_cmake_export_dependencies-extras.cmake
[17.802s] -- Symlinking: /home/student/ros2_ws/src/com2009_team65_2025/install/com2009_team65_2025/share/com2009_team65_2025/cmake/ament_cmake_export_include_directories-extras.cmake
[17.812s] -- Symlinking: /home/student/ros2_ws/src/com2009_team65_2025/install/com2009_team65_2025/share/com2009_team65_2025/cmake/ament_cmake_export_libraries-extras.cmake
[17.823s] -- Symlinking: /home/student/ros2_ws/src/com2009_team65_2025/install/com2009_team65_2025/share/com2009_team65_2025/cmake/ament_cmake_export_targets-extras.cmake
[17.832s] -- Symlinking: /home/student/ros2_ws/src/com2009_team65_2025/install/com2009_team65_2025/share/com2009_team65_2025/cmake/rosidl_cmake_export_typesupport_targets-extras.cmake
[17.843s] -- Symlinking: /home/student/ros2_ws/src/com2009_team65_2025/install/com2009_team65_2025/share/com2009_team65_2025/cmake/rosidl_cmake_export_typesupport_libraries-extras.cmake
[17.853s] -- Symlinking: /home/student/ros2_ws/src/com2009_team65_2025/install/com2009_team65_2025/share/com2009_team65_2025/cmake/com2009_team65_2025Config.cmake
[17.862s] -- Symlinking: /home/student/ros2_ws/src/com2009_team65_2025/install/com2009_team65_2025/share/com2009_team65_2025/cmake/com2009_team65_2025Config-version.cmake
[17.873s] -- Symlinking: /home/student/ros2_ws/src/com2009_team65_2025/install/com2009_team65_2025/share/com2009_team65_2025/package.xml
[17.882s] -- Installing: /home/student/ros2_ws/src/com2009_team65_2025/install/com2009_team65_2025/lib/libcom2009_team65_2025__rosidl_generator_c.so
[17.884s] -- Set runtime path of "/home/student/ros2_ws/src/com2009_team65_2025/install/com2009_team65_2025/lib/libcom2009_team65_2025__rosidl_generator_c.so" to ""
[17.884s] -- Installing: /home/student/ros2_ws/src/com2009_team65_2025/install/com2009_team65_2025/lib/libcom2009_team65_2025__rosidl_typesupport_fastrtps_c.so
[17.885s] -- Set runtime path of "/home/student/ros2_ws/src/com2009_team65_2025/install/com2009_team65_2025/lib/libcom2009_team65_2025__rosidl_typesupport_fastrtps_c.so" to ""
[17.885s] -- Installing: /home/student/ros2_ws/src/com2009_team65_2025/install/com2009_team65_2025/lib/libcom2009_team65_2025__rosidl_typesupport_fastrtps_cpp.so
[17.886s] -- Set runtime path of "/home/student/ros2_ws/src/com2009_team65_2025/install/com2009_team65_2025/lib/libcom2009_team65_2025__rosidl_typesupport_fastrtps_cpp.so" to ""
[17.886s] -- Installing: /home/student/ros2_ws/src/com2009_team65_2025/install/com2009_team65_2025/lib/libcom2009_team65_2025__rosidl_typesupport_introspection_c.so
[17.886s] -- Set runtime path of "/home/student/ros2_ws/src/com2009_team65_2025/install/com2009_team65_2025/lib/libcom2009_team65_2025__rosidl_typesupport_introspection_c.so" to ""
[17.887s] -- Installing: /home/student/ros2_ws/src/com2009_team65_2025/install/com2009_team65_2025/lib/libcom2009_team65_2025__rosidl_typesupport_c.so
[17.887s] -- Set runtime path of "/home/student/ros2_ws/src/com2009_team65_2025/install/com2009_team65_2025/lib/libcom2009_team65_2025__rosidl_typesupport_c.so" to ""
[17.887s] -- Installing: /home/student/ros2_ws/src/com2009_team65_2025/install/com2009_team65_2025/lib/libcom2009_team65_2025__rosidl_typesupport_introspection_cpp.so
[17.887s] -- Set runtime path of "/home/student/ros2_ws/src/com2009_team65_2025/install/com2009_team65_2025/lib/libcom2009_team65_2025__rosidl_typesupport_introspection_cpp.so" to ""
[17.887s] -- Installing: /home/student/ros2_ws/src/com2009_team65_2025/install/com2009_team65_2025/lib/libcom2009_team65_2025__rosidl_typesupport_cpp.so
[17.888s] -- Set runtime path of "/home/student/ros2_ws/src/com2009_team65_2025/install/com2009_team65_2025/lib/libcom2009_team65_2025__rosidl_typesupport_cpp.so" to ""
[17.936s] Listing '/home/student/ros2_ws/src/com2009_team65_2025/install/com2009_team65_2025/local/lib/python3.10/dist-packages/com2009_team65_2025'...
[17.936s] Compiling '/home/student/ros2_ws/src/com2009_team65_2025/install/com2009_team65_2025/local/lib/python3.10/dist-packages/com2009_team65_2025/__init__.py'...
[17.936s] Listing '/home/student/ros2_ws/src/com2009_team65_2025/install/com2009_team65_2025/local/lib/python3.10/dist-packages/com2009_team65_2025/action'...
[17.936s] Compiling '/home/student/ros2_ws/src/com2009_team65_2025/install/com2009_team65_2025/local/lib/python3.10/dist-packages/com2009_team65_2025/action/__init__.py'...
[17.936s] Compiling '/home/student/ros2_ws/src/com2009_team65_2025/install/com2009_team65_2025/local/lib/python3.10/dist-packages/com2009_team65_2025/action/_avoiding_obstacles.py'...
[17.936s] Compiling '/home/student/ros2_ws/src/com2009_team65_2025/install/com2009_team65_2025/local/lib/python3.10/dist-packages/com2009_team65_2025/action/_explore_forward.py'...
[17.944s] -- Installing: /home/student/ros2_ws/src/com2009_team65_2025/install/com2009_team65_2025/lib/libcom2009_team65_2025__rosidl_generator_py.so
[17.944s] -- Set runtime path of "/home/student/ros2_ws/src/com2009_team65_2025/install/com2009_team65_2025/lib/libcom2009_team65_2025__rosidl_generator_py.so" to ""
[17.982s] Listing '/home/student/ros2_ws/src/com2009_team65_2025/install/com2009_team65_2025/local/lib/python3.10/dist-packages/com2009_team65_2025_modules'...
[17.982s] Compiling '/home/student/ros2_ws/src/com2009_team65_2025/install/com2009_team65_2025/local/lib/python3.10/dist-packages/com2009_team65_2025_modules/__init__.py'...
[17.982s] Compiling '/home/student/ros2_ws/src/com2009_team65_2025/install/com2009_team65_2025/local/lib/python3.10/dist-packages/com2009_team65_2025_modules/tb3_tools.py'...
[17.988s] -- Installing: /home/student/ros2_ws/src/com2009_team65_2025/install/com2009_team65_2025/share/com2009_team65_2025/cmake/export_com2009_team65_2025__rosidl_generator_cExport.cmake
[17.989s] -- Installing: /home/student/ros2_ws/src/com2009_team65_2025/install/com2009_team65_2025/share/com2009_team65_2025/cmake/export_com2009_team65_2025__rosidl_generator_cExport-noconfig.cmake
[17.990s] -- Installing: /home/student/ros2_ws/src/com2009_team65_2025/install/com2009_team65_2025/share/com2009_team65_2025/cmake/export_com2009_team65_2025__rosidl_typesupport_fastrtps_cExport.cmake
[17.990s] -- Installing: /home/student/ros2_ws/src/com2009_team65_2025/install/com2009_team65_2025/share/com2009_team65_2025/cmake/export_com2009_team65_2025__rosidl_typesupport_fastrtps_cExport-noconfig.cmake
[17.991s] -- Installing: /home/student/ros2_ws/src/com2009_team65_2025/install/com2009_team65_2025/share/com2009_team65_2025/cmake/export_com2009_team65_2025__rosidl_generator_cppExport.cmake
[17.991s] -- Installing: /home/student/ros2_ws/src/com2009_team65_2025/install/com2009_team65_2025/share/com2009_team65_2025/cmake/export_com2009_team65_2025__rosidl_typesupport_fastrtps_cppExport.cmake
[17.991s] -- Installing: /home/student/ros2_ws/src/com2009_team65_2025/install/com2009_team65_2025/share/com2009_team65_2025/cmake/export_com2009_team65_2025__rosidl_typesupport_fastrtps_cppExport-noconfig.cmake
[17.992s] -- Installing: /home/student/ros2_ws/src/com2009_team65_2025/install/com2009_team65_2025/share/com2009_team65_2025/cmake/com2009_team65_2025__rosidl_typesupport_introspection_cExport.cmake
[17.992s] -- Installing: /home/student/ros2_ws/src/com2009_team65_2025/install/com2009_team65_2025/share/com2009_team65_2025/cmake/com2009_team65_2025__rosidl_typesupport_introspection_cExport-noconfig.cmake
[17.992s] -- Installing: /home/student/ros2_ws/src/com2009_team65_2025/install/com2009_team65_2025/share/com2009_team65_2025/cmake/com2009_team65_2025__rosidl_typesupport_cExport.cmake
[17.992s] -- Installing: /home/student/ros2_ws/src/com2009_team65_2025/install/com2009_team65_2025/share/com2009_team65_2025/cmake/com2009_team65_2025__rosidl_typesupport_cExport-noconfig.cmake
[17.992s] -- Installing: /home/student/ros2_ws/src/com2009_team65_2025/install/com2009_team65_2025/share/com2009_team65_2025/cmake/com2009_team65_2025__rosidl_typesupport_introspection_cppExport.cmake
[17.992s] -- Installing: /home/student/ros2_ws/src/com2009_team65_2025/install/com2009_team65_2025/share/com2009_team65_2025/cmake/com2009_team65_2025__rosidl_typesupport_introspection_cppExport-noconfig.cmake
[17.993s] -- Installing: /home/student/ros2_ws/src/com2009_team65_2025/install/com2009_team65_2025/share/com2009_team65_2025/cmake/com2009_team65_2025__rosidl_typesupport_cppExport.cmake
[17.993s] -- Installing: /home/student/ros2_ws/src/com2009_team65_2025/install/com2009_team65_2025/share/com2009_team65_2025/cmake/com2009_team65_2025__rosidl_typesupport_cppExport-noconfig.cmake
[17.993s] -- Installing: /home/student/ros2_ws/src/com2009_team65_2025/install/com2009_team65_2025/share/com2009_team65_2025/cmake/export_com2009_team65_2025__rosidl_generator_pyExport.cmake
[17.993s] -- Installing: /home/student/ros2_ws/src/com2009_team65_2025/install/com2009_team65_2025/share/com2009_team65_2025/cmake/export_com2009_team65_2025__rosidl_generator_pyExport-noconfig.cmake
[17.997s] Invoked command in '/home/student/ros2_ws/src/com2009_team65_2025/build/com2009_team65_2025' returned '0': CMAKE_PREFIX_PATH=${CMAKE_PREFIX_PATH}:/opt/ros/humble /usr/bin/cmake --install /home/student/ros2_ws/src/com2009_team65_2025/build/com2009_team65_2025
