[0.181s] DEBUG:colcon:Command line arguments: ['/usr/bin/colcon', 'build', '--packages-select', 'com2009_team65_2025', '--symlink-install']
[0.181s] DEBUG:colcon:Parsed command line arguments: Namespace(log_base=None, log_level=None, verb_name='build', build_base='build', install_base='install', merge_install=False, symlink_install=True, test_result_base=None, continue_on_error=False, executor='parallel', parallel_workers=12, event_handlers=None, ignore_user_meta=False, metas=['./colcon.meta'], base_paths=['.'], packages_ignore=None, packages_ignore_regex=None, paths=None, packages_up_to=None, packages_up_to_regex=None, packages_above=None, packages_above_and_dependencies=None, packages_above_depth=None, packages_select_by_dep=None, packages_skip_by_dep=None, packages_skip_up_to=None, packages_select_build_failed=False, packages_skip_build_finished=False, packages_select_test_failures=False, packages_skip_test_passed=False, packages_select=['com2009_team65_2025'], packages_skip=None, packages_select_regex=None, packages_skip_regex=None, packages_start=None, packages_end=None, cmake_args=None, cmake_target=None, cmake_target_skip_unavailable=False, cmake_clean_cache=False, cmake_clean_first=False, cmake_force_configure=False, ament_cmake_args=None, catkin_cmake_args=None, catkin_skip_building_tests=False, mixin_files=None, mixin=None, verb_parser=<colcon_mixin.mixin.mixin_argument.MixinArgumentDecorator object at 0x7fac19d5a200>, verb_extension=<colcon_core.verb.build.BuildVerb object at 0x7fac19e4b190>, main=<bound method BuildVerb.main of <colcon_core.verb.build.BuildVerb object at 0x7fac19e4b190>>, mixin_verb=('build',))
[0.335s] Level 1:colcon.colcon_core.package_discovery:discover_packages(colcon_meta) check parameters
[0.336s] Level 1:colcon.colcon_core.package_discovery:discover_packages(recursive) check parameters
[0.336s] Level 1:colcon.colcon_core.package_discovery:discover_packages(ignore) check parameters
[0.336s] Level 1:colcon.colcon_core.package_discovery:discover_packages(path) check parameters
[0.336s] Level 1:colcon.colcon_core.package_discovery:discover_packages(colcon_meta) discover
[0.336s] Level 1:colcon.colcon_core.package_discovery:discover_packages(recursive) discover
[0.336s] INFO:colcon.colcon_core.package_discovery:Crawling recursively for packages in '/home/student/ros2_ws/src/com2009_team65_2025'
[0.336s] Level 1:colcon.colcon_core.package_identification:_identify(.) by extensions ['ignore', 'ignore_ament_install']
[0.336s] Level 1:colcon.colcon_core.package_identification:_identify(.) by extension 'ignore'
[0.336s] Level 1:colcon.colcon_core.package_identification:_identify(.) by extension 'ignore_ament_install'
[0.336s] Level 1:colcon.colcon_core.package_identification:_identify(.) by extensions ['colcon_pkg']
[0.336s] Level 1:colcon.colcon_core.package_identification:_identify(.) by extension 'colcon_pkg'
[0.336s] Level 1:colcon.colcon_core.package_identification:_identify(.) by extensions ['colcon_meta']
[0.336s] Level 1:colcon.colcon_core.package_identification:_identify(.) by extension 'colcon_meta'
[0.336s] Level 1:colcon.colcon_core.package_identification:_identify(.) by extensions ['ros']
[0.336s] Level 1:colcon.colcon_core.package_identification:_identify(.) by extension 'ros'
[0.349s] DEBUG:colcon.colcon_core.package_identification:Package '.' with type 'ros.ament_cmake' and name 'com2009_team65_2025'
[0.349s] Level 1:colcon.colcon_core.package_discovery:discover_packages(recursive) using defaults
[0.349s] Level 1:colcon.colcon_core.package_discovery:discover_packages(ignore) discover
[0.349s] Level 1:colcon.colcon_core.package_discovery:discover_packages(ignore) using defaults
[0.349s] Level 1:colcon.colcon_core.package_discovery:discover_packages(path) discover
[0.349s] Level 1:colcon.colcon_core.package_discovery:discover_packages(path) using defaults
[0.384s] Level 5:colcon.colcon_core.verb:set package 'com2009_team65_2025' build argument 'cmake_args' from command line to 'None'
[0.384s] Level 5:colcon.colcon_core.verb:set package 'com2009_team65_2025' build argument 'cmake_target' from command line to 'None'
[0.385s] Level 5:colcon.colcon_core.verb:set package 'com2009_team65_2025' build argument 'cmake_target_skip_unavailable' from command line to 'False'
[0.385s] Level 5:colcon.colcon_core.verb:set package 'com2009_team65_2025' build argument 'cmake_clean_cache' from command line to 'False'
[0.385s] Level 5:colcon.colcon_core.verb:set package 'com2009_team65_2025' build argument 'cmake_clean_first' from command line to 'False'
[0.385s] Level 5:colcon.colcon_core.verb:set package 'com2009_team65_2025' build argument 'cmake_force_configure' from command line to 'False'
[0.385s] Level 5:colcon.colcon_core.verb:set package 'com2009_team65_2025' build argument 'ament_cmake_args' from command line to 'None'
[0.385s] Level 5:colcon.colcon_core.verb:set package 'com2009_team65_2025' build argument 'catkin_cmake_args' from command line to 'None'
[0.385s] Level 5:colcon.colcon_core.verb:set package 'com2009_team65_2025' build argument 'catkin_skip_building_tests' from command line to 'False'
[0.385s] DEBUG:colcon.colcon_core.verb:Building package 'com2009_team65_2025' with the following arguments: {'ament_cmake_args': None, 'build_base': '/home/student/ros2_ws/src/com2009_team65_2025/build/com2009_team65_2025', 'catkin_cmake_args': None, 'catkin_skip_building_tests': False, 'cmake_args': None, 'cmake_clean_cache': False, 'cmake_clean_first': False, 'cmake_force_configure': False, 'cmake_target': None, 'cmake_target_skip_unavailable': False, 'install_base': '/home/student/ros2_ws/src/com2009_team65_2025/install/com2009_team65_2025', 'merge_install': False, 'path': '/home/student/ros2_ws/src/com2009_team65_2025', 'symlink_install': True, 'test_result_base': None}
[0.385s] INFO:colcon.colcon_core.executor:Executing jobs using 'parallel' executor
[0.386s] DEBUG:colcon.colcon_parallel_executor.executor.parallel:run_until_complete
[0.387s] INFO:colcon.colcon_ros.task.ament_cmake.build:Building ROS package in '/home/student/ros2_ws/src/com2009_team65_2025' with build type 'ament_cmake'
[0.387s] INFO:colcon.colcon_cmake.task.cmake.build:Building CMake package in '/home/student/ros2_ws/src/com2009_team65_2025'
[0.392s] INFO:colcon.colcon_core.plugin_system:Skipping extension 'colcon_core.shell.bat': Not used on non-Windows systems
[0.393s] INFO:colcon.colcon_core.shell:Skip shell extension 'powershell' for command environment: Not usable outside of PowerShell
[0.393s] DEBUG:colcon.colcon_core.shell:Skip shell extension 'dsv' for command environment
[0.411s] DEBUG:colcon.colcon_core.event_handler.log_command:Invoking command in '/home/student/ros2_ws/src/com2009_team65_2025/build/com2009_team65_2025': CMAKE_PREFIX_PATH=${CMAKE_PREFIX_PATH}:/opt/ros/humble /usr/bin/cmake --build /home/student/ros2_ws/src/com2009_team65_2025/build/com2009_team65_2025 -- -j12 -l12
[0.848s] DEBUG:colcon.colcon_core.event_handler.log_command:Invoked command in '/home/student/ros2_ws/src/com2009_team65_2025/build/com2009_team65_2025' returned '0': CMAKE_PREFIX_PATH=${CMAKE_PREFIX_PATH}:/opt/ros/humble /usr/bin/cmake --build /home/student/ros2_ws/src/com2009_team65_2025/build/com2009_team65_2025 -- -j12 -l12
[0.860s] DEBUG:colcon.colcon_core.event_handler.log_command:Invoking command in '/home/student/ros2_ws/src/com2009_team65_2025/build/com2009_team65_2025': CMAKE_PREFIX_PATH=${CMAKE_PREFIX_PATH}:/opt/ros/humble /usr/bin/cmake --install /home/student/ros2_ws/src/com2009_team65_2025/build/com2009_team65_2025
[0.979s] Level 1:colcon.colcon_core.environment:create_environment_scripts_only(com2009_team65_2025)
[0.980s] DEBUG:colcon.colcon_core.event_handler.log_command:Invoked command in '/home/student/ros2_ws/src/com2009_team65_2025/build/com2009_team65_2025' returned '0': CMAKE_PREFIX_PATH=${CMAKE_PREFIX_PATH}:/opt/ros/humble /usr/bin/cmake --install /home/student/ros2_ws/src/com2009_team65_2025/build/com2009_team65_2025
[0.982s] Level 1:colcon.colcon_core.environment:checking '/home/student/ros2_ws/src/com2009_team65_2025/install/com2009_team65_2025' for CMake module files
[0.983s] Level 1:colcon.colcon_core.environment:checking '/home/student/ros2_ws/src/com2009_team65_2025/install/com2009_team65_2025' for CMake config files
[0.984s] Level 1:colcon.colcon_core.shell:create_environment_hook('com2009_team65_2025', 'cmake_prefix_path')
[0.984s] INFO:colcon.colcon_core.shell:Creating environment hook '/home/student/ros2_ws/src/com2009_team65_2025/install/com2009_team65_2025/share/com2009_team65_2025/hook/cmake_prefix_path.ps1'
[0.985s] INFO:colcon.colcon_core.shell:Creating environment descriptor '/home/student/ros2_ws/src/com2009_team65_2025/install/com2009_team65_2025/share/com2009_team65_2025/hook/cmake_prefix_path.dsv'
[0.985s] INFO:colcon.colcon_core.shell:Creating environment hook '/home/student/ros2_ws/src/com2009_team65_2025/install/com2009_team65_2025/share/com2009_team65_2025/hook/cmake_prefix_path.sh'
[0.986s] Level 1:colcon.colcon_core.environment:checking '/home/student/ros2_ws/src/com2009_team65_2025/install/com2009_team65_2025/lib'
[0.986s] Level 1:colcon.colcon_core.shell:create_environment_hook('com2009_team65_2025', 'ld_library_path_lib')
[0.986s] INFO:colcon.colcon_core.shell:Creating environment hook '/home/student/ros2_ws/src/com2009_team65_2025/install/com2009_team65_2025/share/com2009_team65_2025/hook/ld_library_path_lib.ps1'
[0.986s] INFO:colcon.colcon_core.shell:Creating environment descriptor '/home/student/ros2_ws/src/com2009_team65_2025/install/com2009_team65_2025/share/com2009_team65_2025/hook/ld_library_path_lib.dsv'
[0.987s] INFO:colcon.colcon_core.shell:Creating environment hook '/home/student/ros2_ws/src/com2009_team65_2025/install/com2009_team65_2025/share/com2009_team65_2025/hook/ld_library_path_lib.sh'
[0.988s] Level 1:colcon.colcon_core.environment:checking '/home/student/ros2_ws/src/com2009_team65_2025/install/com2009_team65_2025/bin'
[0.988s] Level 1:colcon.colcon_core.environment:checking '/home/student/ros2_ws/src/com2009_team65_2025/install/com2009_team65_2025/lib/pkgconfig/com2009_team65_2025.pc'
[0.990s] Level 1:colcon.colcon_core.environment:checking '/home/student/ros2_ws/src/com2009_team65_2025/install/com2009_team65_2025/lib/python3.10/site-packages'
[0.990s] Level 1:colcon.colcon_core.environment:checking '/home/student/ros2_ws/src/com2009_team65_2025/install/com2009_team65_2025/bin'
[0.990s] INFO:colcon.colcon_core.shell:Creating package script '/home/student/ros2_ws/src/com2009_team65_2025/install/com2009_team65_2025/share/com2009_team65_2025/package.ps1'
[0.991s] INFO:colcon.colcon_core.shell:Creating package descriptor '/home/student/ros2_ws/src/com2009_team65_2025/install/com2009_team65_2025/share/com2009_team65_2025/package.dsv'
[0.992s] INFO:colcon.colcon_core.shell:Creating package script '/home/student/ros2_ws/src/com2009_team65_2025/install/com2009_team65_2025/share/com2009_team65_2025/package.sh'
[0.993s] INFO:colcon.colcon_core.shell:Creating package script '/home/student/ros2_ws/src/com2009_team65_2025/install/com2009_team65_2025/share/com2009_team65_2025/package.bash'
[0.993s] INFO:colcon.colcon_core.shell:Creating package script '/home/student/ros2_ws/src/com2009_team65_2025/install/com2009_team65_2025/share/com2009_team65_2025/package.zsh'
[0.994s] Level 1:colcon.colcon_core.environment:create_file_with_runtime_dependencies(/home/student/ros2_ws/src/com2009_team65_2025/install/com2009_team65_2025/share/colcon-core/packages/com2009_team65_2025)
[0.995s] Level 1:colcon.colcon_core.environment:create_environment_scripts_only(com2009_team65_2025)
[0.995s] Level 1:colcon.colcon_core.environment:checking '/home/student/ros2_ws/src/com2009_team65_2025/install/com2009_team65_2025' for CMake module files
[0.996s] Level 1:colcon.colcon_core.environment:checking '/home/student/ros2_ws/src/com2009_team65_2025/install/com2009_team65_2025' for CMake config files
[0.997s] Level 1:colcon.colcon_core.shell:create_environment_hook('com2009_team65_2025', 'cmake_prefix_path')
[0.997s] INFO:colcon.colcon_core.shell:Creating environment hook '/home/student/ros2_ws/src/com2009_team65_2025/install/com2009_team65_2025/share/com2009_team65_2025/hook/cmake_prefix_path.ps1'
[0.998s] INFO:colcon.colcon_core.shell:Creating environment descriptor '/home/student/ros2_ws/src/com2009_team65_2025/install/com2009_team65_2025/share/com2009_team65_2025/hook/cmake_prefix_path.dsv'
[0.998s] INFO:colcon.colcon_core.shell:Creating environment hook '/home/student/ros2_ws/src/com2009_team65_2025/install/com2009_team65_2025/share/com2009_team65_2025/hook/cmake_prefix_path.sh'
[0.999s] Level 1:colcon.colcon_core.environment:checking '/home/student/ros2_ws/src/com2009_team65_2025/install/com2009_team65_2025/lib'
[0.999s] Level 1:colcon.colcon_core.shell:create_environment_hook('com2009_team65_2025', 'ld_library_path_lib')
[0.999s] INFO:colcon.colcon_core.shell:Creating environment hook '/home/student/ros2_ws/src/com2009_team65_2025/install/com2009_team65_2025/share/com2009_team65_2025/hook/ld_library_path_lib.ps1'
[1.000s] INFO:colcon.colcon_core.shell:Creating environment descriptor '/home/student/ros2_ws/src/com2009_team65_2025/install/com2009_team65_2025/share/com2009_team65_2025/hook/ld_library_path_lib.dsv'
[1.000s] INFO:colcon.colcon_core.shell:Creating environment hook '/home/student/ros2_ws/src/com2009_team65_2025/install/com2009_team65_2025/share/com2009_team65_2025/hook/ld_library_path_lib.sh'
[1.000s] Level 1:colcon.colcon_core.environment:checking '/home/student/ros2_ws/src/com2009_team65_2025/install/com2009_team65_2025/bin'
[1.000s] Level 1:colcon.colcon_core.environment:checking '/home/student/ros2_ws/src/com2009_team65_2025/install/com2009_team65_2025/lib/pkgconfig/com2009_team65_2025.pc'
[1.001s] Level 1:colcon.colcon_core.environment:checking '/home/student/ros2_ws/src/com2009_team65_2025/install/com2009_team65_2025/lib/python3.10/site-packages'
[1.001s] Level 1:colcon.colcon_core.environment:checking '/home/student/ros2_ws/src/com2009_team65_2025/install/com2009_team65_2025/bin'
[1.001s] INFO:colcon.colcon_core.shell:Creating package script '/home/student/ros2_ws/src/com2009_team65_2025/install/com2009_team65_2025/share/com2009_team65_2025/package.ps1'
[1.002s] INFO:colcon.colcon_core.shell:Creating package descriptor '/home/student/ros2_ws/src/com2009_team65_2025/install/com2009_team65_2025/share/com2009_team65_2025/package.dsv'
[1.002s] INFO:colcon.colcon_core.shell:Creating package script '/home/student/ros2_ws/src/com2009_team65_2025/install/com2009_team65_2025/share/com2009_team65_2025/package.sh'
[1.002s] INFO:colcon.colcon_core.shell:Creating package script '/home/student/ros2_ws/src/com2009_team65_2025/install/com2009_team65_2025/share/com2009_team65_2025/package.bash'
[1.003s] INFO:colcon.colcon_core.shell:Creating package script '/home/student/ros2_ws/src/com2009_team65_2025/install/com2009_team65_2025/share/com2009_team65_2025/package.zsh'
[1.003s] Level 1:colcon.colcon_core.environment:create_file_with_runtime_dependencies(/home/student/ros2_ws/src/com2009_team65_2025/install/com2009_team65_2025/share/colcon-core/packages/com2009_team65_2025)
[1.003s] DEBUG:colcon.colcon_parallel_executor.executor.parallel:closing loop
[1.004s] DEBUG:colcon.colcon_parallel_executor.executor.parallel:loop closed
[1.004s] DEBUG:colcon.colcon_parallel_executor.executor.parallel:run_until_complete finished with '0'
[1.004s] DEBUG:colcon.colcon_core.event_reactor:joining thread
[1.054s] INFO:colcon.colcon_core.plugin_system:Skipping extension 'colcon_notification.desktop_notification.notify_send': Could not find 'notify-send'
[1.054s] INFO:colcon.colcon_core.plugin_system:Skipping extension 'colcon_notification.desktop_notification.terminal_notifier': Not used on non-Darwin systems
[1.054s] INFO:colcon.colcon_core.plugin_system:Skipping extension 'colcon_notification.desktop_notification.win32': Not used on non-Windows systems
[1.054s] INFO:colcon.colcon_notification.desktop_notification:Sending desktop notification using 'notify2'
[1.093s] DEBUG:colcon.colcon_notification.desktop_notification.notify2:Failed to initialize notify2: org.freedesktop.DBus.Error.Spawn.ExecFailed: /usr/bin/dbus-launch terminated abnormally without any error message
[1.094s] DEBUG:colcon.colcon_core.event_reactor:joined thread
[1.095s] INFO:colcon.colcon_core.shell:Creating prefix script '/home/student/ros2_ws/src/com2009_team65_2025/install/local_setup.ps1'
[1.096s] INFO:colcon.colcon_core.shell:Creating prefix util module '/home/student/ros2_ws/src/com2009_team65_2025/install/_local_setup_util_ps1.py'
[1.097s] INFO:colcon.colcon_core.shell:Creating prefix chain script '/home/student/ros2_ws/src/com2009_team65_2025/install/setup.ps1'
[1.099s] INFO:colcon.colcon_core.shell:Creating prefix script '/home/student/ros2_ws/src/com2009_team65_2025/install/local_setup.sh'
[1.099s] INFO:colcon.colcon_core.shell:Creating prefix util module '/home/student/ros2_ws/src/com2009_team65_2025/install/_local_setup_util_sh.py'
[1.100s] INFO:colcon.colcon_core.shell:Creating prefix chain script '/home/student/ros2_ws/src/com2009_team65_2025/install/setup.sh'
[1.101s] INFO:colcon.colcon_core.shell:Creating prefix script '/home/student/ros2_ws/src/com2009_team65_2025/install/local_setup.bash'
[1.102s] INFO:colcon.colcon_core.shell:Creating prefix chain script '/home/student/ros2_ws/src/com2009_team65_2025/install/setup.bash'
[1.103s] INFO:colcon.colcon_core.shell:Creating prefix script '/home/student/ros2_ws/src/com2009_team65_2025/install/local_setup.zsh'
[1.104s] INFO:colcon.colcon_core.shell:Creating prefix chain script '/home/student/ros2_ws/src/com2009_team65_2025/install/setup.zsh'
