[35m[1mConsolidate compiler generated dependencies of target com2009_team65_2025__rosidl_generator_c[0m
[35m[1mConsolidate compiler generated dependencies of target cpp_executable[0m
[  2%] Built target com2009_team65_2025__cpp
[ 12%] Built target com2009_team65_2025__rosidl_generator_c
[ 12%] Built target ament_cmake_python_symlink_com2009_team65_2025_modules
[ 12%] Built target ament_cmake_python_symlink_com2009_team65_2025
[35m[1mConsolidate compiler generated dependencies of target com2009_team65_2025__rosidl_typesupport_introspection_cpp[0m
[35m[1mConsolidate compiler generated dependencies of target com2009_team65_2025__rosidl_typesupport_cpp[0m
[35m[1mConsolidate compiler generated dependencies of target com2009_team65_2025__rosidl_typesupport_fastrtps_cpp[0m
[ 17%] Built target cpp_executable
[35m[1mConsolidate compiler generated dependencies of target com2009_team65_2025__rosidl_typesupport_introspection_c[0m
[35m[1mConsolidate compiler generated dependencies of target com2009_team65_2025__rosidl_typesupport_fastrtps_c[0m
[35m[1mConsolidate compiler generated dependencies of target com2009_team65_2025__rosidl_typesupport_c[0m
[ 46%] Built target com2009_team65_2025__rosidl_typesupport_introspection_cpp
[ 46%] Built target com2009_team65_2025__rosidl_typesupport_cpp
[ 46%] Built target com2009_team65_2025__rosidl_typesupport_fastrtps_cpp
[ 65%] Built target com2009_team65_2025__rosidl_typesupport_c
[ 65%] Built target com2009_team65_2025__rosidl_typesupport_introspection_c
[ 75%] Built target com2009_team65_2025__rosidl_typesupport_fastrtps_c
[ 75%] Built target com2009_team65_2025
[ 78%] Built target com2009_team65_2025__py
[35m[1mConsolidate compiler generated dependencies of target com2009_team65_2025__rosidl_generator_py[0m
[ 85%] Built target com2009_team65_2025__rosidl_generator_py
[35m[1mConsolidate compiler generated dependencies of target com2009_team65_2025__rosidl_typesupport_introspection_c__pyext[0m
[35m[1mConsolidate compiler generated dependencies of target com2009_team65_2025__rosidl_typesupport_c__pyext[0m
[35m[1mConsolidate compiler generated dependencies of target com2009_team65_2025__rosidl_typesupport_fastrtps_c__pyext[0m
[100%] Built target com2009_team65_2025__rosidl_typesupport_c__pyext
[100%] Built target com2009_team65_2025__rosidl_typesupport_fastrtps_c__pyext
[100%] Built target com2009_team65_2025__rosidl_typesupport_introspection_c__pyext
running egg_info
writing com2009_team65_2025_modules.egg-info/PKG-INFO
writing dependency_links to com2009_team65_2025_modules.egg-info/dependency_links.txt
writing top-level names to com2009_team65_2025_modules.egg-info/top_level.txt
reading manifest file 'com2009_team65_2025_modules.egg-info/SOURCES.txt'
writing manifest file 'com2009_team65_2025_modules.egg-info/SOURCES.txt'
running egg_info
writing com2009_team65_2025.egg-info/PKG-INFO
writing dependency_links to com2009_team65_2025.egg-info/dependency_links.txt
writing top-level names to com2009_team65_2025.egg-info/top_level.txt
reading manifest file 'com2009_team65_2025.egg-info/SOURCES.txt'
writing manifest file 'com2009_team65_2025.egg-info/SOURCES.txt'
[100%] Built target ament_cmake_python_build_com2009_team65_2025_modules_egg
[100%] Built target ament_cmake_python_build_com2009_team65_2025_egg
-- Install configuration: ""
-- Execute custom install script
-- Up-to-date symlink: /home/student/ros2_ws/src/com2009_team65_2025/install/com2009_team65_2025/share/ament_index/resource_index/rosidl_interfaces/com2009_team65_2025
-- Up-to-date symlink: /home/student/ros2_ws/src/com2009_team65_2025/install/com2009_team65_2025/include/com2009_team65_2025/com2009_team65_2025/action/avoiding_obstacles.h
-- Up-to-date symlink: /home/student/ros2_ws/src/com2009_team65_2025/install/com2009_team65_2025/include/com2009_team65_2025/com2009_team65_2025/action/detail/avoiding_obstacles__functions.h
-- Up-to-date symlink: /home/student/ros2_ws/src/com2009_team65_2025/install/com2009_team65_2025/include/com2009_team65_2025/com2009_team65_2025/action/detail/avoiding_obstacles__struct.h
-- Up-to-date symlink: /home/student/ros2_ws/src/com2009_team65_2025/install/com2009_team65_2025/include/com2009_team65_2025/com2009_team65_2025/action/detail/avoiding_obstacles__type_support.h
-- Up-to-date symlink: /home/student/ros2_ws/src/com2009_team65_2025/install/com2009_team65_2025/include/com2009_team65_2025/com2009_team65_2025/action/detail/explore_forward__functions.h
-- Up-to-date symlink: /home/student/ros2_ws/src/com2009_team65_2025/install/com2009_team65_2025/include/com2009_team65_2025/com2009_team65_2025/action/detail/explore_forward__struct.h
-- Up-to-date symlink: /home/student/ros2_ws/src/com2009_team65_2025/install/com2009_team65_2025/include/com2009_team65_2025/com2009_team65_2025/action/detail/explore_forward__type_support.h
-- Up-to-date symlink: /home/student/ros2_ws/src/com2009_team65_2025/install/com2009_team65_2025/include/com2009_team65_2025/com2009_team65_2025/action/explore_forward.h
-- Up-to-date symlink: /home/student/ros2_ws/src/com2009_team65_2025/install/com2009_team65_2025/include/com2009_team65_2025/com2009_team65_2025/msg/rosidl_generator_c__visibility_control.h
-- Up-to-date symlink: /home/student/ros2_ws/src/com2009_team65_2025/install/com2009_team65_2025/share/com2009_team65_2025/environment/library_path.sh
-- Up-to-date symlink: /home/student/ros2_ws/src/com2009_team65_2025/install/com2009_team65_2025/share/com2009_team65_2025/environment/library_path.dsv
-- Up-to-date symlink: /home/student/ros2_ws/src/com2009_team65_2025/install/com2009_team65_2025/include/com2009_team65_2025/com2009_team65_2025/action/detail/avoiding_obstacles__rosidl_typesupport_fastrtps_c.h
-- Up-to-date symlink: /home/student/ros2_ws/src/com2009_team65_2025/install/com2009_team65_2025/include/com2009_team65_2025/com2009_team65_2025/action/detail/explore_forward__rosidl_typesupport_fastrtps_c.h
-- Up-to-date symlink: /home/student/ros2_ws/src/com2009_team65_2025/install/com2009_team65_2025/include/com2009_team65_2025/com2009_team65_2025/msg/rosidl_typesupport_fastrtps_c__visibility_control.h
-- Up-to-date symlink: /home/student/ros2_ws/src/com2009_team65_2025/install/com2009_team65_2025/include/com2009_team65_2025/com2009_team65_2025/action/avoiding_obstacles.hpp
-- Up-to-date symlink: /home/student/ros2_ws/src/com2009_team65_2025/install/com2009_team65_2025/include/com2009_team65_2025/com2009_team65_2025/action/detail/avoiding_obstacles__builder.hpp
-- Up-to-date symlink: /home/student/ros2_ws/src/com2009_team65_2025/install/com2009_team65_2025/include/com2009_team65_2025/com2009_team65_2025/action/detail/avoiding_obstacles__struct.hpp
-- Up-to-date symlink: /home/student/ros2_ws/src/com2009_team65_2025/install/com2009_team65_2025/include/com2009_team65_2025/com2009_team65_2025/action/detail/avoiding_obstacles__traits.hpp
-- Up-to-date symlink: /home/student/ros2_ws/src/com2009_team65_2025/install/com2009_team65_2025/include/com2009_team65_2025/com2009_team65_2025/action/detail/avoiding_obstacles__type_support.hpp
-- Up-to-date symlink: /home/student/ros2_ws/src/com2009_team65_2025/install/com2009_team65_2025/include/com2009_team65_2025/com2009_team65_2025/action/detail/explore_forward__builder.hpp
-- Up-to-date symlink: /home/student/ros2_ws/src/com2009_team65_2025/install/com2009_team65_2025/include/com2009_team65_2025/com2009_team65_2025/action/detail/explore_forward__struct.hpp
-- Up-to-date symlink: /home/student/ros2_ws/src/com2009_team65_2025/install/com2009_team65_2025/include/com2009_team65_2025/com2009_team65_2025/action/detail/explore_forward__traits.hpp
-- Up-to-date symlink: /home/student/ros2_ws/src/com2009_team65_2025/install/com2009_team65_2025/include/com2009_team65_2025/com2009_team65_2025/action/detail/explore_forward__type_support.hpp
-- Up-to-date symlink: /home/student/ros2_ws/src/com2009_team65_2025/install/com2009_team65_2025/include/com2009_team65_2025/com2009_team65_2025/action/explore_forward.hpp
-- Up-to-date symlink: /home/student/ros2_ws/src/com2009_team65_2025/install/com2009_team65_2025/include/com2009_team65_2025/com2009_team65_2025/msg/rosidl_generator_cpp__visibility_control.hpp
-- Up-to-date symlink: /home/student/ros2_ws/src/com2009_team65_2025/install/com2009_team65_2025/include/com2009_team65_2025/com2009_team65_2025/action/detail/avoiding_obstacles__rosidl_typesupport_fastrtps_cpp.hpp
-- Up-to-date symlink: /home/student/ros2_ws/src/com2009_team65_2025/install/com2009_team65_2025/include/com2009_team65_2025/com2009_team65_2025/action/detail/explore_forward__rosidl_typesupport_fastrtps_cpp.hpp
-- Up-to-date symlink: /home/student/ros2_ws/src/com2009_team65_2025/install/com2009_team65_2025/include/com2009_team65_2025/com2009_team65_2025/msg/rosidl_typesupport_fastrtps_cpp__visibility_control.h
-- Up-to-date symlink: /home/student/ros2_ws/src/com2009_team65_2025/install/com2009_team65_2025/include/com2009_team65_2025/com2009_team65_2025/action/detail/avoiding_obstacles__rosidl_typesupport_introspection_c.h
-- Up-to-date symlink: /home/student/ros2_ws/src/com2009_team65_2025/install/com2009_team65_2025/include/com2009_team65_2025/com2009_team65_2025/action/detail/explore_forward__rosidl_typesupport_introspection_c.h
-- Up-to-date symlink: /home/student/ros2_ws/src/com2009_team65_2025/install/com2009_team65_2025/include/com2009_team65_2025/com2009_team65_2025/msg/rosidl_typesupport_introspection_c__visibility_control.h
-- Up-to-date symlink: /home/student/ros2_ws/src/com2009_team65_2025/install/com2009_team65_2025/include/com2009_team65_2025/com2009_team65_2025/action/detail/avoiding_obstacles__rosidl_typesupport_introspection_cpp.hpp
-- Up-to-date symlink: /home/student/ros2_ws/src/com2009_team65_2025/install/com2009_team65_2025/include/com2009_team65_2025/com2009_team65_2025/action/detail/explore_forward__rosidl_typesupport_introspection_cpp.hpp
-- Up-to-date symlink: /home/student/ros2_ws/src/com2009_team65_2025/install/com2009_team65_2025/share/com2009_team65_2025/environment/pythonpath.sh
-- Up-to-date symlink: /home/student/ros2_ws/src/com2009_team65_2025/install/com2009_team65_2025/share/com2009_team65_2025/environment/pythonpath.dsv
-- Up-to-date symlink: /home/student/ros2_ws/src/com2009_team65_2025/install/com2009_team65_2025/local/lib/python3.10/dist-packages/com2009_team65_2025-0.0.0-py3.10.egg-info/PKG-INFO
-- Up-to-date symlink: /home/student/ros2_ws/src/com2009_team65_2025/install/com2009_team65_2025/local/lib/python3.10/dist-packages/com2009_team65_2025-0.0.0-py3.10.egg-info/SOURCES.txt
-- Up-to-date symlink: /home/student/ros2_ws/src/com2009_team65_2025/install/com2009_team65_2025/local/lib/python3.10/dist-packages/com2009_team65_2025-0.0.0-py3.10.egg-info/dependency_links.txt
-- Up-to-date symlink: /home/student/ros2_ws/src/com2009_team65_2025/install/com2009_team65_2025/local/lib/python3.10/dist-packages/com2009_team65_2025-0.0.0-py3.10.egg-info/top_level.txt
-- Up-to-date symlink: /home/student/ros2_ws/src/com2009_team65_2025/install/com2009_team65_2025/local/lib/python3.10/dist-packages/com2009_team65_2025/__init__.py
-- Up-to-date symlink: /home/student/ros2_ws/src/com2009_team65_2025/install/com2009_team65_2025/local/lib/python3.10/dist-packages/com2009_team65_2025/_com2009_team65_2025_s.ep.rosidl_typesupport_c.c
-- Up-to-date symlink: /home/student/ros2_ws/src/com2009_team65_2025/install/com2009_team65_2025/local/lib/python3.10/dist-packages/com2009_team65_2025/_com2009_team65_2025_s.ep.rosidl_typesupport_fastrtps_c.c
-- Up-to-date symlink: /home/student/ros2_ws/src/com2009_team65_2025/install/com2009_team65_2025/local/lib/python3.10/dist-packages/com2009_team65_2025/_com2009_team65_2025_s.ep.rosidl_typesupport_introspection_c.c
-- Up-to-date symlink: /home/student/ros2_ws/src/com2009_team65_2025/install/com2009_team65_2025/local/lib/python3.10/dist-packages/com2009_team65_2025/action/__init__.py
-- Up-to-date symlink: /home/student/ros2_ws/src/com2009_team65_2025/install/com2009_team65_2025/local/lib/python3.10/dist-packages/com2009_team65_2025/action/_avoiding_obstacles.py
-- Up-to-date symlink: /home/student/ros2_ws/src/com2009_team65_2025/install/com2009_team65_2025/local/lib/python3.10/dist-packages/com2009_team65_2025/action/_avoiding_obstacles_s.c
-- Up-to-date symlink: /home/student/ros2_ws/src/com2009_team65_2025/install/com2009_team65_2025/local/lib/python3.10/dist-packages/com2009_team65_2025/action/_explore_forward.py
-- Up-to-date symlink: /home/student/ros2_ws/src/com2009_team65_2025/install/com2009_team65_2025/local/lib/python3.10/dist-packages/com2009_team65_2025/action/_explore_forward_s.c
-- Up-to-date symlink: /home/student/ros2_ws/src/com2009_team65_2025/install/com2009_team65_2025/local/lib/python3.10/dist-packages/com2009_team65_2025/com2009_team65_2025_s__rosidl_typesupport_c.cpython-310-x86_64-linux-gnu.so
-- Up-to-date symlink: /home/student/ros2_ws/src/com2009_team65_2025/install/com2009_team65_2025/local/lib/python3.10/dist-packages/com2009_team65_2025/com2009_team65_2025_s__rosidl_typesupport_fastrtps_c.cpython-310-x86_64-linux-gnu.so
-- Up-to-date symlink: /home/student/ros2_ws/src/com2009_team65_2025/install/com2009_team65_2025/local/lib/python3.10/dist-packages/com2009_team65_2025/com2009_team65_2025_s__rosidl_typesupport_introspection_c.cpython-310-x86_64-linux-gnu.so
-- Up-to-date symlink: /home/student/ros2_ws/src/com2009_team65_2025/install/com2009_team65_2025/local/lib/python3.10/dist-packages/com2009_team65_2025/libcom2009_team65_2025__rosidl_generator_py.so
-- Up-to-date symlink: /home/student/ros2_ws/src/com2009_team65_2025/install/com2009_team65_2025/local/lib/python3.10/dist-packages/com2009_team65_2025/com2009_team65_2025_s__rosidl_typesupport_fastrtps_c.cpython-310-x86_64-linux-gnu.so
-- Up-to-date symlink: /home/student/ros2_ws/src/com2009_team65_2025/install/com2009_team65_2025/local/lib/python3.10/dist-packages/com2009_team65_2025/com2009_team65_2025_s__rosidl_typesupport_introspection_c.cpython-310-x86_64-linux-gnu.so
-- Up-to-date symlink: /home/student/ros2_ws/src/com2009_team65_2025/install/com2009_team65_2025/local/lib/python3.10/dist-packages/com2009_team65_2025/com2009_team65_2025_s__rosidl_typesupport_c.cpython-310-x86_64-linux-gnu.so
-- Up-to-date symlink: /home/student/ros2_ws/src/com2009_team65_2025/install/com2009_team65_2025/share/com2009_team65_2025/action/ExploreForward.idl
-- Up-to-date symlink: /home/student/ros2_ws/src/com2009_team65_2025/install/com2009_team65_2025/share/com2009_team65_2025/action/AvoidingObstacles.idl
-- Up-to-date symlink: /home/student/ros2_ws/src/com2009_team65_2025/install/com2009_team65_2025/share/com2009_team65_2025/action/ExploreForward.action
-- Up-to-date symlink: /home/student/ros2_ws/src/com2009_team65_2025/install/com2009_team65_2025/share/com2009_team65_2025/action/AvoidingObstacles.action
-- Up-to-date symlink: /home/student/ros2_ws/src/com2009_team65_2025/install/com2009_team65_2025/lib/com2009_team65_2025/cpp_executable
-- Up-to-date symlink: /home/student/ros2_ws/src/com2009_team65_2025/install/com2009_team65_2025/local/lib/python3.10/dist-packages/com2009_team65_2025_modules-0.0.0-py3.10.egg-info/PKG-INFO
-- Up-to-date symlink: /home/student/ros2_ws/src/com2009_team65_2025/install/com2009_team65_2025/local/lib/python3.10/dist-packages/com2009_team65_2025_modules-0.0.0-py3.10.egg-info/SOURCES.txt
-- Up-to-date symlink: /home/student/ros2_ws/src/com2009_team65_2025/install/com2009_team65_2025/local/lib/python3.10/dist-packages/com2009_team65_2025_modules-0.0.0-py3.10.egg-info/dependency_links.txt
-- Up-to-date symlink: /home/student/ros2_ws/src/com2009_team65_2025/install/com2009_team65_2025/local/lib/python3.10/dist-packages/com2009_team65_2025_modules-0.0.0-py3.10.egg-info/top_level.txt
-- Up-to-date symlink: /home/student/ros2_ws/src/com2009_team65_2025/install/com2009_team65_2025/local/lib/python3.10/dist-packages/com2009_team65_2025_modules/__init__.py
-- Up-to-date symlink: /home/student/ros2_ws/src/com2009_team65_2025/install/com2009_team65_2025/local/lib/python3.10/dist-packages/com2009_team65_2025_modules/tb3_tools.py
-- Up-to-date symlink: /home/student/ros2_ws/src/com2009_team65_2025/install/com2009_team65_2025/lib/com2009_team65_2025/avoiding_obstacles_client.py
-- Up-to-date symlink: /home/student/ros2_ws/src/com2009_team65_2025/install/com2009_team65_2025/lib/com2009_team65_2025/avoiding_obstacles_server.py
-- Up-to-date symlink: /home/student/ros2_ws/src/com2009_team65_2025/install/com2009_team65_2025/lib/com2009_team65_2025/explore_forward_server.py
-- Up-to-date symlink: /home/student/ros2_ws/src/com2009_team65_2025/install/com2009_team65_2025/lib/com2009_team65_2025/explore_forward_client.py
-- Up-to-date symlink: /home/student/ros2_ws/src/com2009_team65_2025/install/com2009_team65_2025/lib/com2009_team65_2025/velocity_controller.py
-- Up-to-date symlink: /home/student/ros2_ws/src/com2009_team65_2025/install/com2009_team65_2025/share/com2009_team65_2025/launch/task1.launch.py
-- Up-to-date symlink: /home/student/ros2_ws/src/com2009_team65_2025/install/com2009_team65_2025/share/com2009_team65_2025/launch/task2.launch.py
-- Up-to-date symlink: /home/student/ros2_ws/src/com2009_team65_2025/install/com2009_team65_2025/share/ament_index/resource_index/package_run_dependencies/com2009_team65_2025
-- Up-to-date symlink: /home/student/ros2_ws/src/com2009_team65_2025/install/com2009_team65_2025/share/ament_index/resource_index/parent_prefix_path/com2009_team65_2025
-- Up-to-date symlink: /home/student/ros2_ws/src/com2009_team65_2025/install/com2009_team65_2025/share/com2009_team65_2025/environment/ament_prefix_path.sh
-- Up-to-date symlink: /home/student/ros2_ws/src/com2009_team65_2025/install/com2009_team65_2025/share/com2009_team65_2025/environment/ament_prefix_path.dsv
-- Up-to-date symlink: /home/student/ros2_ws/src/com2009_team65_2025/install/com2009_team65_2025/share/com2009_team65_2025/environment/path.sh
-- Up-to-date symlink: /home/student/ros2_ws/src/com2009_team65_2025/install/com2009_team65_2025/share/com2009_team65_2025/environment/path.dsv
-- Up-to-date symlink: /home/student/ros2_ws/src/com2009_team65_2025/install/com2009_team65_2025/share/com2009_team65_2025/local_setup.bash
-- Up-to-date symlink: /home/student/ros2_ws/src/com2009_team65_2025/install/com2009_team65_2025/share/com2009_team65_2025/local_setup.sh
-- Up-to-date symlink: /home/student/ros2_ws/src/com2009_team65_2025/install/com2009_team65_2025/share/com2009_team65_2025/local_setup.zsh
-- Up-to-date symlink: /home/student/ros2_ws/src/com2009_team65_2025/install/com2009_team65_2025/share/com2009_team65_2025/local_setup.dsv
-- Symlinking: /home/student/ros2_ws/src/com2009_team65_2025/install/com2009_team65_2025/share/com2009_team65_2025/package.dsv
-- Up-to-date symlink: /home/student/ros2_ws/src/com2009_team65_2025/install/com2009_team65_2025/share/ament_index/resource_index/packages/com2009_team65_2025
-- Up-to-date symlink: /home/student/ros2_ws/src/com2009_team65_2025/install/com2009_team65_2025/share/com2009_team65_2025/cmake/rosidl_cmake-extras.cmake
-- Up-to-date symlink: /home/student/ros2_ws/src/com2009_team65_2025/install/com2009_team65_2025/share/com2009_team65_2025/cmake/ament_cmake_export_dependencies-extras.cmake
-- Up-to-date symlink: /home/student/ros2_ws/src/com2009_team65_2025/install/com2009_team65_2025/share/com2009_team65_2025/cmake/ament_cmake_export_include_directories-extras.cmake
-- Up-to-date symlink: /home/student/ros2_ws/src/com2009_team65_2025/install/com2009_team65_2025/share/com2009_team65_2025/cmake/ament_cmake_export_libraries-extras.cmake
-- Up-to-date symlink: /home/student/ros2_ws/src/com2009_team65_2025/install/com2009_team65_2025/share/com2009_team65_2025/cmake/ament_cmake_export_targets-extras.cmake
-- Up-to-date symlink: /home/student/ros2_ws/src/com2009_team65_2025/install/com2009_team65_2025/share/com2009_team65_2025/cmake/rosidl_cmake_export_typesupport_targets-extras.cmake
-- Up-to-date symlink: /home/student/ros2_ws/src/com2009_team65_2025/install/com2009_team65_2025/share/com2009_team65_2025/cmake/rosidl_cmake_export_typesupport_libraries-extras.cmake
-- Up-to-date symlink: /home/student/ros2_ws/src/com2009_team65_2025/install/com2009_team65_2025/share/com2009_team65_2025/cmake/com2009_team65_2025Config.cmake
-- Up-to-date symlink: /home/student/ros2_ws/src/com2009_team65_2025/install/com2009_team65_2025/share/com2009_team65_2025/cmake/com2009_team65_2025Config-version.cmake
-- Up-to-date symlink: /home/student/ros2_ws/src/com2009_team65_2025/install/com2009_team65_2025/share/com2009_team65_2025/package.xml
-- Up-to-date: /home/student/ros2_ws/src/com2009_team65_2025/install/com2009_team65_2025/lib/libcom2009_team65_2025__rosidl_generator_c.so
-- Up-to-date: /home/student/ros2_ws/src/com2009_team65_2025/install/com2009_team65_2025/lib/libcom2009_team65_2025__rosidl_typesupport_fastrtps_c.so
-- Up-to-date: /home/student/ros2_ws/src/com2009_team65_2025/install/com2009_team65_2025/lib/libcom2009_team65_2025__rosidl_typesupport_fastrtps_cpp.so
-- Up-to-date: /home/student/ros2_ws/src/com2009_team65_2025/install/com2009_team65_2025/lib/libcom2009_team65_2025__rosidl_typesupport_introspection_c.so
-- Up-to-date: /home/student/ros2_ws/src/com2009_team65_2025/install/com2009_team65_2025/lib/libcom2009_team65_2025__rosidl_typesupport_c.so
-- Up-to-date: /home/student/ros2_ws/src/com2009_team65_2025/install/com2009_team65_2025/lib/libcom2009_team65_2025__rosidl_typesupport_introspection_cpp.so
-- Up-to-date: /home/student/ros2_ws/src/com2009_team65_2025/install/com2009_team65_2025/lib/libcom2009_team65_2025__rosidl_typesupport_cpp.so
Listing '/home/student/ros2_ws/src/com2009_team65_2025/install/com2009_team65_2025/local/lib/python3.10/dist-packages/com2009_team65_2025'...
Listing '/home/student/ros2_ws/src/com2009_team65_2025/install/com2009_team65_2025/local/lib/python3.10/dist-packages/com2009_team65_2025/action'...
-- Up-to-date: /home/student/ros2_ws/src/com2009_team65_2025/install/com2009_team65_2025/lib/libcom2009_team65_2025__rosidl_generator_py.so
Listing '/home/student/ros2_ws/src/com2009_team65_2025/install/com2009_team65_2025/local/lib/python3.10/dist-packages/com2009_team65_2025_modules'...
-- Up-to-date: /home/student/ros2_ws/src/com2009_team65_2025/install/com2009_team65_2025/share/com2009_team65_2025/cmake/export_com2009_team65_2025__rosidl_generator_cExport.cmake
-- Up-to-date: /home/student/ros2_ws/src/com2009_team65_2025/install/com2009_team65_2025/share/com2009_team65_2025/cmake/export_com2009_team65_2025__rosidl_generator_cExport-noconfig.cmake
-- Up-to-date: /home/student/ros2_ws/src/com2009_team65_2025/install/com2009_team65_2025/share/com2009_team65_2025/cmake/export_com2009_team65_2025__rosidl_typesupport_fastrtps_cExport.cmake
-- Up-to-date: /home/student/ros2_ws/src/com2009_team65_2025/install/com2009_team65_2025/share/com2009_team65_2025/cmake/export_com2009_team65_2025__rosidl_typesupport_fastrtps_cExport-noconfig.cmake
-- Up-to-date: /home/student/ros2_ws/src/com2009_team65_2025/install/com2009_team65_2025/share/com2009_team65_2025/cmake/export_com2009_team65_2025__rosidl_generator_cppExport.cmake
-- Up-to-date: /home/student/ros2_ws/src/com2009_team65_2025/install/com2009_team65_2025/share/com2009_team65_2025/cmake/export_com2009_team65_2025__rosidl_typesupport_fastrtps_cppExport.cmake
-- Up-to-date: /home/student/ros2_ws/src/com2009_team65_2025/install/com2009_team65_2025/share/com2009_team65_2025/cmake/export_com2009_team65_2025__rosidl_typesupport_fastrtps_cppExport-noconfig.cmake
-- Up-to-date: /home/student/ros2_ws/src/com2009_team65_2025/install/com2009_team65_2025/share/com2009_team65_2025/cmake/com2009_team65_2025__rosidl_typesupport_introspection_cExport.cmake
-- Up-to-date: /home/student/ros2_ws/src/com2009_team65_2025/install/com2009_team65_2025/share/com2009_team65_2025/cmake/com2009_team65_2025__rosidl_typesupport_introspection_cExport-noconfig.cmake
-- Up-to-date: /home/student/ros2_ws/src/com2009_team65_2025/install/com2009_team65_2025/share/com2009_team65_2025/cmake/com2009_team65_2025__rosidl_typesupport_cExport.cmake
-- Up-to-date: /home/student/ros2_ws/src/com2009_team65_2025/install/com2009_team65_2025/share/com2009_team65_2025/cmake/com2009_team65_2025__rosidl_typesupport_cExport-noconfig.cmake
-- Up-to-date: /home/student/ros2_ws/src/com2009_team65_2025/install/com2009_team65_2025/share/com2009_team65_2025/cmake/com2009_team65_2025__rosidl_typesupport_introspection_cppExport.cmake
-- Up-to-date: /home/student/ros2_ws/src/com2009_team65_2025/install/com2009_team65_2025/share/com2009_team65_2025/cmake/com2009_team65_2025__rosidl_typesupport_introspection_cppExport-noconfig.cmake
-- Up-to-date: /home/student/ros2_ws/src/com2009_team65_2025/install/com2009_team65_2025/share/com2009_team65_2025/cmake/com2009_team65_2025__rosidl_typesupport_cppExport.cmake
-- Up-to-date: /home/student/ros2_ws/src/com2009_team65_2025/install/com2009_team65_2025/share/com2009_team65_2025/cmake/com2009_team65_2025__rosidl_typesupport_cppExport-noconfig.cmake
-- Up-to-date: /home/student/ros2_ws/src/com2009_team65_2025/install/com2009_team65_2025/share/com2009_team65_2025/cmake/export_com2009_team65_2025__rosidl_generator_pyExport.cmake
-- Up-to-date: /home/student/ros2_ws/src/com2009_team65_2025/install/com2009_team65_2025/share/com2009_team65_2025/cmake/export_com2009_team65_2025__rosidl_generator_pyExport-noconfig.cmake
