[0.023s] Invoking command in '/home/student/ros2_ws/src/com2009_team65_2025/build/com2009_team65_2025': CMAKE_PREFIX_PATH=${CMAKE_PREFIX_PATH}:/opt/ros/humble /usr/bin/cmake --build /home/student/ros2_ws/src/com2009_team65_2025/build/com2009_team65_2025 -- -j12 -l12
[0.071s] [35m[1mConsolidate compiler generated dependencies of target com2009_team65_2025__rosidl_generator_c[0m
[0.071s] [35m[1mConsolidate compiler generated dependencies of target cpp_executable[0m
[0.079s] [  2%] Built target com2009_team65_2025__cpp
[0.089s] [ 12%] Built target com2009_team65_2025__rosidl_generator_c
[0.090s] [ 12%] Built target ament_cmake_python_symlink_com2009_team65_2025_modules
[0.091s] [ 12%] Built target ament_cmake_python_symlink_com2009_team65_2025
[0.094s] [35m[1mConsolidate compiler generated dependencies of target com2009_team65_2025__rosidl_typesupport_introspection_cpp[0m
[0.094s] [35m[1mConsolidate compiler generated dependencies of target com2009_team65_2025__rosidl_typesupport_cpp[0m
[0.094s] [35m[1mConsolidate compiler generated dependencies of target com2009_team65_2025__rosidl_typesupport_fastrtps_cpp[0m
[0.097s] [ 17%] Built target cpp_executable
[0.104s] [35m[1mConsolidate compiler generated dependencies of target com2009_team65_2025__rosidl_typesupport_introspection_c[0m
[0.105s] [35m[1mConsolidate compiler generated dependencies of target com2009_team65_2025__rosidl_typesupport_fastrtps_c[0m
[0.107s] [35m[1mConsolidate compiler generated dependencies of target com2009_team65_2025__rosidl_typesupport_c[0m
[0.121s] [ 46%] Built target com2009_team65_2025__rosidl_typesupport_introspection_cpp
[0.122s] [ 46%] Built target com2009_team65_2025__rosidl_typesupport_cpp
[0.122s] [ 46%] Built target com2009_team65_2025__rosidl_typesupport_fastrtps_cpp
[0.127s] [ 65%] Built target com2009_team65_2025__rosidl_typesupport_c
[0.127s] [ 65%] Built target com2009_team65_2025__rosidl_typesupport_introspection_c
[0.131s] [ 75%] Built target com2009_team65_2025__rosidl_typesupport_fastrtps_c
[0.158s] [ 75%] Built target com2009_team65_2025
[0.186s] [ 78%] Built target com2009_team65_2025__py
[0.198s] [35m[1mConsolidate compiler generated dependencies of target com2009_team65_2025__rosidl_generator_py[0m
[0.215s] [ 85%] Built target com2009_team65_2025__rosidl_generator_py
[0.228s] [35m[1mConsolidate compiler generated dependencies of target com2009_team65_2025__rosidl_typesupport_introspection_c__pyext[0m
[0.228s] [35m[1mConsolidate compiler generated dependencies of target com2009_team65_2025__rosidl_typesupport_c__pyext[0m
[0.229s] [35m[1mConsolidate compiler generated dependencies of target com2009_team65_2025__rosidl_typesupport_fastrtps_c__pyext[0m
[0.246s] [100%] Built target com2009_team65_2025__rosidl_typesupport_c__pyext
[0.246s] [100%] Built target com2009_team65_2025__rosidl_typesupport_fastrtps_c__pyext
[0.246s] [100%] Built target com2009_team65_2025__rosidl_typesupport_introspection_c__pyext
[0.381s] running egg_info
[0.383s] writing com2009_team65_2025_modules.egg-info/PKG-INFO
[0.383s] writing dependency_links to com2009_team65_2025_modules.egg-info/dependency_links.txt
[0.384s] writing top-level names to com2009_team65_2025_modules.egg-info/top_level.txt
[0.386s] reading manifest file 'com2009_team65_2025_modules.egg-info/SOURCES.txt'
[0.387s] writing manifest file 'com2009_team65_2025_modules.egg-info/SOURCES.txt'
[0.391s] running egg_info
[0.393s] writing com2009_team65_2025.egg-info/PKG-INFO
[0.393s] writing dependency_links to com2009_team65_2025.egg-info/dependency_links.txt
[0.393s] writing top-level names to com2009_team65_2025.egg-info/top_level.txt
[0.396s] reading manifest file 'com2009_team65_2025.egg-info/SOURCES.txt'
[0.397s] writing manifest file 'com2009_team65_2025.egg-info/SOURCES.txt'
[0.439s] [100%] Built target ament_cmake_python_build_com2009_team65_2025_modules_egg
[0.444s] [100%] Built target ament_cmake_python_build_com2009_team65_2025_egg
[0.460s] Invoked command in '/home/student/ros2_ws/src/com2009_team65_2025/build/com2009_team65_2025' returned '0': CMAKE_PREFIX_PATH=${CMAKE_PREFIX_PATH}:/opt/ros/humble /usr/bin/cmake --build /home/student/ros2_ws/src/com2009_team65_2025/build/com2009_team65_2025 -- -j12 -l12
[0.472s] Invoking command in '/home/student/ros2_ws/src/com2009_team65_2025/build/com2009_team65_2025': CMAKE_PREFIX_PATH=${CMAKE_PREFIX_PATH}:/opt/ros/humble /usr/bin/cmake --install /home/student/ros2_ws/src/com2009_team65_2025/build/com2009_team65_2025
[0.481s] -- Install configuration: ""
[0.482s] -- Execute custom install script
[0.482s] -- Up-to-date symlink: /home/student/ros2_ws/src/com2009_team65_2025/install/com2009_team65_2025/share/ament_index/resource_index/rosidl_interfaces/com2009_team65_2025
[0.482s] -- Up-to-date symlink: /home/student/ros2_ws/src/com2009_team65_2025/install/com2009_team65_2025/include/com2009_team65_2025/com2009_team65_2025/action/avoiding_obstacles.h
[0.482s] -- Up-to-date symlink: /home/student/ros2_ws/src/com2009_team65_2025/install/com2009_team65_2025/include/com2009_team65_2025/com2009_team65_2025/action/detail/avoiding_obstacles__functions.h
[0.483s] -- Up-to-date symlink: /home/student/ros2_ws/src/com2009_team65_2025/install/com2009_team65_2025/include/com2009_team65_2025/com2009_team65_2025/action/detail/avoiding_obstacles__struct.h
[0.483s] -- Up-to-date symlink: /home/student/ros2_ws/src/com2009_team65_2025/install/com2009_team65_2025/include/com2009_team65_2025/com2009_team65_2025/action/detail/avoiding_obstacles__type_support.h
[0.483s] -- Up-to-date symlink: /home/student/ros2_ws/src/com2009_team65_2025/install/com2009_team65_2025/include/com2009_team65_2025/com2009_team65_2025/action/detail/explore_forward__functions.h
[0.484s] -- Up-to-date symlink: /home/student/ros2_ws/src/com2009_team65_2025/install/com2009_team65_2025/include/com2009_team65_2025/com2009_team65_2025/action/detail/explore_forward__struct.h
[0.484s] -- Up-to-date symlink: /home/student/ros2_ws/src/com2009_team65_2025/install/com2009_team65_2025/include/com2009_team65_2025/com2009_team65_2025/action/detail/explore_forward__type_support.h
[0.484s] -- Up-to-date symlink: /home/student/ros2_ws/src/com2009_team65_2025/install/com2009_team65_2025/include/com2009_team65_2025/com2009_team65_2025/action/explore_forward.h
[0.484s] -- Up-to-date symlink: /home/student/ros2_ws/src/com2009_team65_2025/install/com2009_team65_2025/include/com2009_team65_2025/com2009_team65_2025/msg/rosidl_generator_c__visibility_control.h
[0.484s] -- Up-to-date symlink: /home/student/ros2_ws/src/com2009_team65_2025/install/com2009_team65_2025/share/com2009_team65_2025/environment/library_path.sh
[0.485s] -- Up-to-date symlink: /home/student/ros2_ws/src/com2009_team65_2025/install/com2009_team65_2025/share/com2009_team65_2025/environment/library_path.dsv
[0.485s] -- Up-to-date symlink: /home/student/ros2_ws/src/com2009_team65_2025/install/com2009_team65_2025/include/com2009_team65_2025/com2009_team65_2025/action/detail/avoiding_obstacles__rosidl_typesupport_fastrtps_c.h
[0.485s] -- Up-to-date symlink: /home/student/ros2_ws/src/com2009_team65_2025/install/com2009_team65_2025/include/com2009_team65_2025/com2009_team65_2025/action/detail/explore_forward__rosidl_typesupport_fastrtps_c.h
[0.485s] -- Up-to-date symlink: /home/student/ros2_ws/src/com2009_team65_2025/install/com2009_team65_2025/include/com2009_team65_2025/com2009_team65_2025/msg/rosidl_typesupport_fastrtps_c__visibility_control.h
[0.485s] -- Up-to-date symlink: /home/student/ros2_ws/src/com2009_team65_2025/install/com2009_team65_2025/include/com2009_team65_2025/com2009_team65_2025/action/avoiding_obstacles.hpp
[0.485s] -- Up-to-date symlink: /home/student/ros2_ws/src/com2009_team65_2025/install/com2009_team65_2025/include/com2009_team65_2025/com2009_team65_2025/action/detail/avoiding_obstacles__builder.hpp
[0.485s] -- Up-to-date symlink: /home/student/ros2_ws/src/com2009_team65_2025/install/com2009_team65_2025/include/com2009_team65_2025/com2009_team65_2025/action/detail/avoiding_obstacles__struct.hpp
[0.486s] -- Up-to-date symlink: /home/student/ros2_ws/src/com2009_team65_2025/install/com2009_team65_2025/include/com2009_team65_2025/com2009_team65_2025/action/detail/avoiding_obstacles__traits.hpp
[0.486s] -- Up-to-date symlink: /home/student/ros2_ws/src/com2009_team65_2025/install/com2009_team65_2025/include/com2009_team65_2025/com2009_team65_2025/action/detail/avoiding_obstacles__type_support.hpp
[0.486s] -- Up-to-date symlink: /home/student/ros2_ws/src/com2009_team65_2025/install/com2009_team65_2025/include/com2009_team65_2025/com2009_team65_2025/action/detail/explore_forward__builder.hpp
[0.486s] -- Up-to-date symlink: /home/student/ros2_ws/src/com2009_team65_2025/install/com2009_team65_2025/include/com2009_team65_2025/com2009_team65_2025/action/detail/explore_forward__struct.hpp
[0.486s] -- Up-to-date symlink: /home/student/ros2_ws/src/com2009_team65_2025/install/com2009_team65_2025/include/com2009_team65_2025/com2009_team65_2025/action/detail/explore_forward__traits.hpp
[0.487s] -- Up-to-date symlink: /home/student/ros2_ws/src/com2009_team65_2025/install/com2009_team65_2025/include/com2009_team65_2025/com2009_team65_2025/action/detail/explore_forward__type_support.hpp
[0.487s] -- Up-to-date symlink: /home/student/ros2_ws/src/com2009_team65_2025/install/com2009_team65_2025/include/com2009_team65_2025/com2009_team65_2025/action/explore_forward.hpp
[0.487s] -- Up-to-date symlink: /home/student/ros2_ws/src/com2009_team65_2025/install/com2009_team65_2025/include/com2009_team65_2025/com2009_team65_2025/msg/rosidl_generator_cpp__visibility_control.hpp
[0.487s] -- Up-to-date symlink: /home/student/ros2_ws/src/com2009_team65_2025/install/com2009_team65_2025/include/com2009_team65_2025/com2009_team65_2025/action/detail/avoiding_obstacles__rosidl_typesupport_fastrtps_cpp.hpp
[0.488s] -- Up-to-date symlink: /home/student/ros2_ws/src/com2009_team65_2025/install/com2009_team65_2025/include/com2009_team65_2025/com2009_team65_2025/action/detail/explore_forward__rosidl_typesupport_fastrtps_cpp.hpp
[0.488s] -- Up-to-date symlink: /home/student/ros2_ws/src/com2009_team65_2025/install/com2009_team65_2025/include/com2009_team65_2025/com2009_team65_2025/msg/rosidl_typesupport_fastrtps_cpp__visibility_control.h
[0.488s] -- Up-to-date symlink: /home/student/ros2_ws/src/com2009_team65_2025/install/com2009_team65_2025/include/com2009_team65_2025/com2009_team65_2025/action/detail/avoiding_obstacles__rosidl_typesupport_introspection_c.h
[0.488s] -- Up-to-date symlink: /home/student/ros2_ws/src/com2009_team65_2025/install/com2009_team65_2025/include/com2009_team65_2025/com2009_team65_2025/action/detail/explore_forward__rosidl_typesupport_introspection_c.h
[0.488s] -- Up-to-date symlink: /home/student/ros2_ws/src/com2009_team65_2025/install/com2009_team65_2025/include/com2009_team65_2025/com2009_team65_2025/msg/rosidl_typesupport_introspection_c__visibility_control.h
[0.489s] -- Up-to-date symlink: /home/student/ros2_ws/src/com2009_team65_2025/install/com2009_team65_2025/include/com2009_team65_2025/com2009_team65_2025/action/detail/avoiding_obstacles__rosidl_typesupport_introspection_cpp.hpp
[0.489s] -- Up-to-date symlink: /home/student/ros2_ws/src/com2009_team65_2025/install/com2009_team65_2025/include/com2009_team65_2025/com2009_team65_2025/action/detail/explore_forward__rosidl_typesupport_introspection_cpp.hpp
[0.489s] -- Up-to-date symlink: /home/student/ros2_ws/src/com2009_team65_2025/install/com2009_team65_2025/share/com2009_team65_2025/environment/pythonpath.sh
[0.489s] -- Up-to-date symlink: /home/student/ros2_ws/src/com2009_team65_2025/install/com2009_team65_2025/share/com2009_team65_2025/environment/pythonpath.dsv
[0.490s] -- Up-to-date symlink: /home/student/ros2_ws/src/com2009_team65_2025/install/com2009_team65_2025/local/lib/python3.10/dist-packages/com2009_team65_2025-0.0.0-py3.10.egg-info/PKG-INFO
[0.490s] -- Up-to-date symlink: /home/student/ros2_ws/src/com2009_team65_2025/install/com2009_team65_2025/local/lib/python3.10/dist-packages/com2009_team65_2025-0.0.0-py3.10.egg-info/SOURCES.txt
[0.490s] -- Up-to-date symlink: /home/student/ros2_ws/src/com2009_team65_2025/install/com2009_team65_2025/local/lib/python3.10/dist-packages/com2009_team65_2025-0.0.0-py3.10.egg-info/dependency_links.txt
[0.491s] -- Up-to-date symlink: /home/student/ros2_ws/src/com2009_team65_2025/install/com2009_team65_2025/local/lib/python3.10/dist-packages/com2009_team65_2025-0.0.0-py3.10.egg-info/top_level.txt
[0.491s] -- Up-to-date symlink: /home/student/ros2_ws/src/com2009_team65_2025/install/com2009_team65_2025/local/lib/python3.10/dist-packages/com2009_team65_2025/__init__.py
[0.491s] -- Up-to-date symlink: /home/student/ros2_ws/src/com2009_team65_2025/install/com2009_team65_2025/local/lib/python3.10/dist-packages/com2009_team65_2025/_com2009_team65_2025_s.ep.rosidl_typesupport_c.c
[0.491s] -- Up-to-date symlink: /home/student/ros2_ws/src/com2009_team65_2025/install/com2009_team65_2025/local/lib/python3.10/dist-packages/com2009_team65_2025/_com2009_team65_2025_s.ep.rosidl_typesupport_fastrtps_c.c
[0.492s] -- Up-to-date symlink: /home/student/ros2_ws/src/com2009_team65_2025/install/com2009_team65_2025/local/lib/python3.10/dist-packages/com2009_team65_2025/_com2009_team65_2025_s.ep.rosidl_typesupport_introspection_c.c
[0.492s] -- Up-to-date symlink: /home/student/ros2_ws/src/com2009_team65_2025/install/com2009_team65_2025/local/lib/python3.10/dist-packages/com2009_team65_2025/action/__init__.py
[0.492s] -- Up-to-date symlink: /home/student/ros2_ws/src/com2009_team65_2025/install/com2009_team65_2025/local/lib/python3.10/dist-packages/com2009_team65_2025/action/_avoiding_obstacles.py
[0.492s] -- Up-to-date symlink: /home/student/ros2_ws/src/com2009_team65_2025/install/com2009_team65_2025/local/lib/python3.10/dist-packages/com2009_team65_2025/action/_avoiding_obstacles_s.c
[0.492s] -- Up-to-date symlink: /home/student/ros2_ws/src/com2009_team65_2025/install/com2009_team65_2025/local/lib/python3.10/dist-packages/com2009_team65_2025/action/_explore_forward.py
[0.492s] -- Up-to-date symlink: /home/student/ros2_ws/src/com2009_team65_2025/install/com2009_team65_2025/local/lib/python3.10/dist-packages/com2009_team65_2025/action/_explore_forward_s.c
[0.492s] -- Up-to-date symlink: /home/student/ros2_ws/src/com2009_team65_2025/install/com2009_team65_2025/local/lib/python3.10/dist-packages/com2009_team65_2025/com2009_team65_2025_s__rosidl_typesupport_c.cpython-310-x86_64-linux-gnu.so
[0.492s] -- Up-to-date symlink: /home/student/ros2_ws/src/com2009_team65_2025/install/com2009_team65_2025/local/lib/python3.10/dist-packages/com2009_team65_2025/com2009_team65_2025_s__rosidl_typesupport_fastrtps_c.cpython-310-x86_64-linux-gnu.so
[0.493s] -- Up-to-date symlink: /home/student/ros2_ws/src/com2009_team65_2025/install/com2009_team65_2025/local/lib/python3.10/dist-packages/com2009_team65_2025/com2009_team65_2025_s__rosidl_typesupport_introspection_c.cpython-310-x86_64-linux-gnu.so
[0.493s] -- Up-to-date symlink: /home/student/ros2_ws/src/com2009_team65_2025/install/com2009_team65_2025/local/lib/python3.10/dist-packages/com2009_team65_2025/libcom2009_team65_2025__rosidl_generator_py.so
[0.493s] -- Up-to-date symlink: /home/student/ros2_ws/src/com2009_team65_2025/install/com2009_team65_2025/local/lib/python3.10/dist-packages/com2009_team65_2025/com2009_team65_2025_s__rosidl_typesupport_fastrtps_c.cpython-310-x86_64-linux-gnu.so
[0.493s] -- Up-to-date symlink: /home/student/ros2_ws/src/com2009_team65_2025/install/com2009_team65_2025/local/lib/python3.10/dist-packages/com2009_team65_2025/com2009_team65_2025_s__rosidl_typesupport_introspection_c.cpython-310-x86_64-linux-gnu.so
[0.494s] -- Up-to-date symlink: /home/student/ros2_ws/src/com2009_team65_2025/install/com2009_team65_2025/local/lib/python3.10/dist-packages/com2009_team65_2025/com2009_team65_2025_s__rosidl_typesupport_c.cpython-310-x86_64-linux-gnu.so
[0.494s] -- Up-to-date symlink: /home/student/ros2_ws/src/com2009_team65_2025/install/com2009_team65_2025/share/com2009_team65_2025/action/ExploreForward.idl
[0.494s] -- Up-to-date symlink: /home/student/ros2_ws/src/com2009_team65_2025/install/com2009_team65_2025/share/com2009_team65_2025/action/AvoidingObstacles.idl
[0.494s] -- Up-to-date symlink: /home/student/ros2_ws/src/com2009_team65_2025/install/com2009_team65_2025/share/com2009_team65_2025/action/ExploreForward.action
[0.495s] -- Up-to-date symlink: /home/student/ros2_ws/src/com2009_team65_2025/install/com2009_team65_2025/share/com2009_team65_2025/action/AvoidingObstacles.action
[0.495s] -- Up-to-date symlink: /home/student/ros2_ws/src/com2009_team65_2025/install/com2009_team65_2025/lib/com2009_team65_2025/cpp_executable
[0.495s] -- Up-to-date symlink: /home/student/ros2_ws/src/com2009_team65_2025/install/com2009_team65_2025/local/lib/python3.10/dist-packages/com2009_team65_2025_modules-0.0.0-py3.10.egg-info/PKG-INFO
[0.495s] -- Up-to-date symlink: /home/student/ros2_ws/src/com2009_team65_2025/install/com2009_team65_2025/local/lib/python3.10/dist-packages/com2009_team65_2025_modules-0.0.0-py3.10.egg-info/SOURCES.txt
[0.495s] -- Up-to-date symlink: /home/student/ros2_ws/src/com2009_team65_2025/install/com2009_team65_2025/local/lib/python3.10/dist-packages/com2009_team65_2025_modules-0.0.0-py3.10.egg-info/dependency_links.txt
[0.495s] -- Up-to-date symlink: /home/student/ros2_ws/src/com2009_team65_2025/install/com2009_team65_2025/local/lib/python3.10/dist-packages/com2009_team65_2025_modules-0.0.0-py3.10.egg-info/top_level.txt
[0.496s] -- Up-to-date symlink: /home/student/ros2_ws/src/com2009_team65_2025/install/com2009_team65_2025/local/lib/python3.10/dist-packages/com2009_team65_2025_modules/__init__.py
[0.496s] -- Up-to-date symlink: /home/student/ros2_ws/src/com2009_team65_2025/install/com2009_team65_2025/local/lib/python3.10/dist-packages/com2009_team65_2025_modules/tb3_tools.py
[0.496s] -- Up-to-date symlink: /home/student/ros2_ws/src/com2009_team65_2025/install/com2009_team65_2025/lib/com2009_team65_2025/avoiding_obstacles_client.py
[0.496s] -- Up-to-date symlink: /home/student/ros2_ws/src/com2009_team65_2025/install/com2009_team65_2025/lib/com2009_team65_2025/avoiding_obstacles_server.py
[0.496s] -- Up-to-date symlink: /home/student/ros2_ws/src/com2009_team65_2025/install/com2009_team65_2025/lib/com2009_team65_2025/explore_forward_server.py
[0.497s] -- Up-to-date symlink: /home/student/ros2_ws/src/com2009_team65_2025/install/com2009_team65_2025/lib/com2009_team65_2025/explore_forward_client.py
[0.497s] -- Up-to-date symlink: /home/student/ros2_ws/src/com2009_team65_2025/install/com2009_team65_2025/lib/com2009_team65_2025/velocity_controller.py
[0.497s] -- Up-to-date symlink: /home/student/ros2_ws/src/com2009_team65_2025/install/com2009_team65_2025/share/com2009_team65_2025/launch/task1.launch.py
[0.497s] -- Up-to-date symlink: /home/student/ros2_ws/src/com2009_team65_2025/install/com2009_team65_2025/share/com2009_team65_2025/launch/task2.launch.py
[0.497s] -- Up-to-date symlink: /home/student/ros2_ws/src/com2009_team65_2025/install/com2009_team65_2025/share/ament_index/resource_index/package_run_dependencies/com2009_team65_2025
[0.498s] -- Up-to-date symlink: /home/student/ros2_ws/src/com2009_team65_2025/install/com2009_team65_2025/share/ament_index/resource_index/parent_prefix_path/com2009_team65_2025
[0.498s] -- Up-to-date symlink: /home/student/ros2_ws/src/com2009_team65_2025/install/com2009_team65_2025/share/com2009_team65_2025/environment/ament_prefix_path.sh
[0.498s] -- Up-to-date symlink: /home/student/ros2_ws/src/com2009_team65_2025/install/com2009_team65_2025/share/com2009_team65_2025/environment/ament_prefix_path.dsv
[0.498s] -- Up-to-date symlink: /home/student/ros2_ws/src/com2009_team65_2025/install/com2009_team65_2025/share/com2009_team65_2025/environment/path.sh
[0.499s] -- Up-to-date symlink: /home/student/ros2_ws/src/com2009_team65_2025/install/com2009_team65_2025/share/com2009_team65_2025/environment/path.dsv
[0.499s] -- Up-to-date symlink: /home/student/ros2_ws/src/com2009_team65_2025/install/com2009_team65_2025/share/com2009_team65_2025/local_setup.bash
[0.499s] -- Up-to-date symlink: /home/student/ros2_ws/src/com2009_team65_2025/install/com2009_team65_2025/share/com2009_team65_2025/local_setup.sh
[0.499s] -- Up-to-date symlink: /home/student/ros2_ws/src/com2009_team65_2025/install/com2009_team65_2025/share/com2009_team65_2025/local_setup.zsh
[0.499s] -- Up-to-date symlink: /home/student/ros2_ws/src/com2009_team65_2025/install/com2009_team65_2025/share/com2009_team65_2025/local_setup.dsv
[0.499s] -- Symlinking: /home/student/ros2_ws/src/com2009_team65_2025/install/com2009_team65_2025/share/com2009_team65_2025/package.dsv
[0.509s] -- Up-to-date symlink: /home/student/ros2_ws/src/com2009_team65_2025/install/com2009_team65_2025/share/ament_index/resource_index/packages/com2009_team65_2025
[0.509s] -- Up-to-date symlink: /home/student/ros2_ws/src/com2009_team65_2025/install/com2009_team65_2025/share/com2009_team65_2025/cmake/rosidl_cmake-extras.cmake
[0.510s] -- Up-to-date symlink: /home/student/ros2_ws/src/com2009_team65_2025/install/com2009_team65_2025/share/com2009_team65_2025/cmake/ament_cmake_export_dependencies-extras.cmake
[0.510s] -- Up-to-date symlink: /home/student/ros2_ws/src/com2009_team65_2025/install/com2009_team65_2025/share/com2009_team65_2025/cmake/ament_cmake_export_include_directories-extras.cmake
[0.510s] -- Up-to-date symlink: /home/student/ros2_ws/src/com2009_team65_2025/install/com2009_team65_2025/share/com2009_team65_2025/cmake/ament_cmake_export_libraries-extras.cmake
[0.511s] -- Up-to-date symlink: /home/student/ros2_ws/src/com2009_team65_2025/install/com2009_team65_2025/share/com2009_team65_2025/cmake/ament_cmake_export_targets-extras.cmake
[0.511s] -- Up-to-date symlink: /home/student/ros2_ws/src/com2009_team65_2025/install/com2009_team65_2025/share/com2009_team65_2025/cmake/rosidl_cmake_export_typesupport_targets-extras.cmake
[0.511s] -- Up-to-date symlink: /home/student/ros2_ws/src/com2009_team65_2025/install/com2009_team65_2025/share/com2009_team65_2025/cmake/rosidl_cmake_export_typesupport_libraries-extras.cmake
[0.511s] -- Up-to-date symlink: /home/student/ros2_ws/src/com2009_team65_2025/install/com2009_team65_2025/share/com2009_team65_2025/cmake/com2009_team65_2025Config.cmake
[0.511s] -- Up-to-date symlink: /home/student/ros2_ws/src/com2009_team65_2025/install/com2009_team65_2025/share/com2009_team65_2025/cmake/com2009_team65_2025Config-version.cmake
[0.511s] -- Up-to-date symlink: /home/student/ros2_ws/src/com2009_team65_2025/install/com2009_team65_2025/share/com2009_team65_2025/package.xml
[0.511s] -- Up-to-date: /home/student/ros2_ws/src/com2009_team65_2025/install/com2009_team65_2025/lib/libcom2009_team65_2025__rosidl_generator_c.so
[0.512s] -- Up-to-date: /home/student/ros2_ws/src/com2009_team65_2025/install/com2009_team65_2025/lib/libcom2009_team65_2025__rosidl_typesupport_fastrtps_c.so
[0.512s] -- Up-to-date: /home/student/ros2_ws/src/com2009_team65_2025/install/com2009_team65_2025/lib/libcom2009_team65_2025__rosidl_typesupport_fastrtps_cpp.so
[0.512s] -- Up-to-date: /home/student/ros2_ws/src/com2009_team65_2025/install/com2009_team65_2025/lib/libcom2009_team65_2025__rosidl_typesupport_introspection_c.so
[0.513s] -- Up-to-date: /home/student/ros2_ws/src/com2009_team65_2025/install/com2009_team65_2025/lib/libcom2009_team65_2025__rosidl_typesupport_c.so
[0.513s] -- Up-to-date: /home/student/ros2_ws/src/com2009_team65_2025/install/com2009_team65_2025/lib/libcom2009_team65_2025__rosidl_typesupport_introspection_cpp.so
[0.513s] -- Up-to-date: /home/student/ros2_ws/src/com2009_team65_2025/install/com2009_team65_2025/lib/libcom2009_team65_2025__rosidl_typesupport_cpp.so
[0.544s] Listing '/home/student/ros2_ws/src/com2009_team65_2025/install/com2009_team65_2025/local/lib/python3.10/dist-packages/com2009_team65_2025'...
[0.544s] Listing '/home/student/ros2_ws/src/com2009_team65_2025/install/com2009_team65_2025/local/lib/python3.10/dist-packages/com2009_team65_2025/action'...
[0.549s] -- Up-to-date: /home/student/ros2_ws/src/com2009_team65_2025/install/com2009_team65_2025/lib/libcom2009_team65_2025__rosidl_generator_py.so
[0.582s] Listing '/home/student/ros2_ws/src/com2009_team65_2025/install/com2009_team65_2025/local/lib/python3.10/dist-packages/com2009_team65_2025_modules'...
[0.587s] -- Up-to-date: /home/student/ros2_ws/src/com2009_team65_2025/install/com2009_team65_2025/share/com2009_team65_2025/cmake/export_com2009_team65_2025__rosidl_generator_cExport.cmake
[0.587s] -- Up-to-date: /home/student/ros2_ws/src/com2009_team65_2025/install/com2009_team65_2025/share/com2009_team65_2025/cmake/export_com2009_team65_2025__rosidl_generator_cExport-noconfig.cmake
[0.588s] -- Up-to-date: /home/student/ros2_ws/src/com2009_team65_2025/install/com2009_team65_2025/share/com2009_team65_2025/cmake/export_com2009_team65_2025__rosidl_typesupport_fastrtps_cExport.cmake
[0.588s] -- Up-to-date: /home/student/ros2_ws/src/com2009_team65_2025/install/com2009_team65_2025/share/com2009_team65_2025/cmake/export_com2009_team65_2025__rosidl_typesupport_fastrtps_cExport-noconfig.cmake
[0.588s] -- Up-to-date: /home/student/ros2_ws/src/com2009_team65_2025/install/com2009_team65_2025/share/com2009_team65_2025/cmake/export_com2009_team65_2025__rosidl_generator_cppExport.cmake
[0.588s] -- Up-to-date: /home/student/ros2_ws/src/com2009_team65_2025/install/com2009_team65_2025/share/com2009_team65_2025/cmake/export_com2009_team65_2025__rosidl_typesupport_fastrtps_cppExport.cmake
[0.588s] -- Up-to-date: /home/student/ros2_ws/src/com2009_team65_2025/install/com2009_team65_2025/share/com2009_team65_2025/cmake/export_com2009_team65_2025__rosidl_typesupport_fastrtps_cppExport-noconfig.cmake
[0.589s] -- Up-to-date: /home/student/ros2_ws/src/com2009_team65_2025/install/com2009_team65_2025/share/com2009_team65_2025/cmake/com2009_team65_2025__rosidl_typesupport_introspection_cExport.cmake
[0.589s] -- Up-to-date: /home/student/ros2_ws/src/com2009_team65_2025/install/com2009_team65_2025/share/com2009_team65_2025/cmake/com2009_team65_2025__rosidl_typesupport_introspection_cExport-noconfig.cmake
[0.589s] -- Up-to-date: /home/student/ros2_ws/src/com2009_team65_2025/install/com2009_team65_2025/share/com2009_team65_2025/cmake/com2009_team65_2025__rosidl_typesupport_cExport.cmake
[0.589s] -- Up-to-date: /home/student/ros2_ws/src/com2009_team65_2025/install/com2009_team65_2025/share/com2009_team65_2025/cmake/com2009_team65_2025__rosidl_typesupport_cExport-noconfig.cmake
[0.589s] -- Up-to-date: /home/student/ros2_ws/src/com2009_team65_2025/install/com2009_team65_2025/share/com2009_team65_2025/cmake/com2009_team65_2025__rosidl_typesupport_introspection_cppExport.cmake
[0.589s] -- Up-to-date: /home/student/ros2_ws/src/com2009_team65_2025/install/com2009_team65_2025/share/com2009_team65_2025/cmake/com2009_team65_2025__rosidl_typesupport_introspection_cppExport-noconfig.cmake
[0.589s] -- Up-to-date: /home/student/ros2_ws/src/com2009_team65_2025/install/com2009_team65_2025/share/com2009_team65_2025/cmake/com2009_team65_2025__rosidl_typesupport_cppExport.cmake
[0.589s] -- Up-to-date: /home/student/ros2_ws/src/com2009_team65_2025/install/com2009_team65_2025/share/com2009_team65_2025/cmake/com2009_team65_2025__rosidl_typesupport_cppExport-noconfig.cmake
[0.589s] -- Up-to-date: /home/student/ros2_ws/src/com2009_team65_2025/install/com2009_team65_2025/share/com2009_team65_2025/cmake/export_com2009_team65_2025__rosidl_generator_pyExport.cmake
[0.589s] -- Up-to-date: /home/student/ros2_ws/src/com2009_team65_2025/install/com2009_team65_2025/share/com2009_team65_2025/cmake/export_com2009_team65_2025__rosidl_generator_pyExport-noconfig.cmake
[0.591s] Invoked command in '/home/student/ros2_ws/src/com2009_team65_2025/build/com2009_team65_2025' returned '0': CMAKE_PREFIX_PATH=${CMAKE_PREFIX_PATH}:/opt/ros/humble /usr/bin/cmake --install /home/student/ros2_ws/src/com2009_team65_2025/build/com2009_team65_2025
