[0.217s] DEBUG:colcon:Command line arguments: ['/usr/bin/colcon', 'build', '--packages-select', 'com2009_team65_2025', '--symlink-install']
[0.217s] DEBUG:colcon:Parsed command line arguments: Namespace(log_base=None, log_level=None, verb_name='build', build_base='build', install_base='install', merge_install=False, symlink_install=True, test_result_base=None, continue_on_error=False, executor='parallel', parallel_workers=12, event_handlers=None, ignore_user_meta=False, metas=['./colcon.meta'], base_paths=['.'], packages_ignore=None, packages_ignore_regex=None, paths=None, packages_up_to=None, packages_up_to_regex=None, packages_above=None, packages_above_and_dependencies=None, packages_above_depth=None, packages_select_by_dep=None, packages_skip_by_dep=None, packages_skip_up_to=None, packages_select_build_failed=False, packages_skip_build_finished=False, packages_select_test_failures=False, packages_skip_test_passed=False, packages_select=['com2009_team65_2025'], packages_skip=None, packages_select_regex=None, packages_skip_regex=None, packages_start=None, packages_end=None, cmake_args=None, cmake_target=None, cmake_target_skip_unavailable=False, cmake_clean_cache=False, cmake_clean_first=False, cmake_force_configure=False, ament_cmake_args=None, catkin_cmake_args=None, catkin_skip_building_tests=False, mixin_files=None, mixin=None, verb_parser=<colcon_mixin.mixin.mixin_argument.MixinArgumentDecorator object at 0x7f97b0c1a200>, verb_extension=<colcon_core.verb.build.BuildVerb object at 0x7f97b0d0b190>, main=<bound method BuildVerb.main of <colcon_core.verb.build.BuildVerb object at 0x7f97b0d0b190>>, mixin_verb=('build',))
[0.396s] Level 1:colcon.colcon_core.package_discovery:discover_packages(colcon_meta) check parameters
[0.397s] Level 1:colcon.colcon_core.package_discovery:discover_packages(recursive) check parameters
[0.397s] Level 1:colcon.colcon_core.package_discovery:discover_packages(ignore) check parameters
[0.397s] Level 1:colcon.colcon_core.package_discovery:discover_packages(path) check parameters
[0.397s] Level 1:colcon.colcon_core.package_discovery:discover_packages(colcon_meta) discover
[0.397s] Level 1:colcon.colcon_core.package_discovery:discover_packages(recursive) discover
[0.397s] INFO:colcon.colcon_core.package_discovery:Crawling recursively for packages in '/home/student/ros2_ws/src/com2009_team65_2025'
[0.397s] Level 1:colcon.colcon_core.package_identification:_identify(.) by extensions ['ignore', 'ignore_ament_install']
[0.397s] Level 1:colcon.colcon_core.package_identification:_identify(.) by extension 'ignore'
[0.397s] Level 1:colcon.colcon_core.package_identification:_identify(.) by extension 'ignore_ament_install'
[0.397s] Level 1:colcon.colcon_core.package_identification:_identify(.) by extensions ['colcon_pkg']
[0.397s] Level 1:colcon.colcon_core.package_identification:_identify(.) by extension 'colcon_pkg'
[0.397s] Level 1:colcon.colcon_core.package_identification:_identify(.) by extensions ['colcon_meta']
[0.397s] Level 1:colcon.colcon_core.package_identification:_identify(.) by extension 'colcon_meta'
[0.397s] Level 1:colcon.colcon_core.package_identification:_identify(.) by extensions ['ros']
[0.397s] Level 1:colcon.colcon_core.package_identification:_identify(.) by extension 'ros'
[0.410s] DEBUG:colcon.colcon_core.package_identification:Package '.' with type 'ros.ament_cmake' and name 'com2009_team65_2025'
[0.411s] Level 1:colcon.colcon_core.package_discovery:discover_packages(recursive) using defaults
[0.411s] Level 1:colcon.colcon_core.package_discovery:discover_packages(ignore) discover
[0.411s] Level 1:colcon.colcon_core.package_discovery:discover_packages(ignore) using defaults
[0.411s] Level 1:colcon.colcon_core.package_discovery:discover_packages(path) discover
[0.411s] Level 1:colcon.colcon_core.package_discovery:discover_packages(path) using defaults
[0.449s] Level 5:colcon.colcon_core.verb:set package 'com2009_team65_2025' build argument 'cmake_args' from command line to 'None'
[0.449s] Level 5:colcon.colcon_core.verb:set package 'com2009_team65_2025' build argument 'cmake_target' from command line to 'None'
[0.449s] Level 5:colcon.colcon_core.verb:set package 'com2009_team65_2025' build argument 'cmake_target_skip_unavailable' from command line to 'False'
[0.449s] Level 5:colcon.colcon_core.verb:set package 'com2009_team65_2025' build argument 'cmake_clean_cache' from command line to 'False'
[0.449s] Level 5:colcon.colcon_core.verb:set package 'com2009_team65_2025' build argument 'cmake_clean_first' from command line to 'False'
[0.449s] Level 5:colcon.colcon_core.verb:set package 'com2009_team65_2025' build argument 'cmake_force_configure' from command line to 'False'
[0.449s] Level 5:colcon.colcon_core.verb:set package 'com2009_team65_2025' build argument 'ament_cmake_args' from command line to 'None'
[0.449s] Level 5:colcon.colcon_core.verb:set package 'com2009_team65_2025' build argument 'catkin_cmake_args' from command line to 'None'
[0.449s] Level 5:colcon.colcon_core.verb:set package 'com2009_team65_2025' build argument 'catkin_skip_building_tests' from command line to 'False'
[0.449s] DEBUG:colcon.colcon_core.verb:Building package 'com2009_team65_2025' with the following arguments: {'ament_cmake_args': None, 'build_base': '/home/student/ros2_ws/src/com2009_team65_2025/build/com2009_team65_2025', 'catkin_cmake_args': None, 'catkin_skip_building_tests': False, 'cmake_args': None, 'cmake_clean_cache': False, 'cmake_clean_first': False, 'cmake_force_configure': False, 'cmake_target': None, 'cmake_target_skip_unavailable': False, 'install_base': '/home/student/ros2_ws/src/com2009_team65_2025/install/com2009_team65_2025', 'merge_install': False, 'path': '/home/student/ros2_ws/src/com2009_team65_2025', 'symlink_install': True, 'test_result_base': None}
[0.450s] INFO:colcon.colcon_core.executor:Executing jobs using 'parallel' executor
[0.451s] DEBUG:colcon.colcon_parallel_executor.executor.parallel:run_until_complete
[0.452s] INFO:colcon.colcon_ros.task.ament_cmake.build:Building ROS package in '/home/student/ros2_ws/src/com2009_team65_2025' with build type 'ament_cmake'
[0.452s] INFO:colcon.colcon_cmake.task.cmake.build:Building CMake package in '/home/student/ros2_ws/src/com2009_team65_2025'
[0.455s] INFO:colcon.colcon_core.plugin_system:Skipping extension 'colcon_core.shell.bat': Not used on non-Windows systems
[0.455s] INFO:colcon.colcon_core.shell:Skip shell extension 'powershell' for command environment: Not usable outside of PowerShell
[0.455s] DEBUG:colcon.colcon_core.shell:Skip shell extension 'dsv' for command environment
[0.480s] DEBUG:colcon.colcon_core.event_handler.log_command:Invoking command in '/home/student/ros2_ws/src/com2009_team65_2025/build/com2009_team65_2025': CMAKE_PREFIX_PATH=${CMAKE_PREFIX_PATH}:/opt/ros/humble /usr/bin/cmake /home/student/ros2_ws/src/com2009_team65_2025 -DAMENT_CMAKE_SYMLINK_INSTALL=1 -DCMAKE_INSTALL_PREFIX=/home/student/ros2_ws/src/com2009_team65_2025/install/com2009_team65_2025
[11.918s] DEBUG:colcon.colcon_core.event_handler.log_command:Invoked command in '/home/student/ros2_ws/src/com2009_team65_2025/build/com2009_team65_2025' returned '0': CMAKE_PREFIX_PATH=${CMAKE_PREFIX_PATH}:/opt/ros/humble /usr/bin/cmake /home/student/ros2_ws/src/com2009_team65_2025 -DAMENT_CMAKE_SYMLINK_INSTALL=1 -DCMAKE_INSTALL_PREFIX=/home/student/ros2_ws/src/com2009_team65_2025/install/com2009_team65_2025
[11.921s] DEBUG:colcon.colcon_core.event_handler.log_command:Invoking command in '/home/student/ros2_ws/src/com2009_team65_2025/build/com2009_team65_2025': CMAKE_PREFIX_PATH=${CMAKE_PREFIX_PATH}:/opt/ros/humble /usr/bin/cmake --build /home/student/ros2_ws/src/com2009_team65_2025/build/com2009_team65_2025 -- -j12 -l12
[17.337s] DEBUG:colcon.colcon_core.event_handler.log_command:Invoked command in '/home/student/ros2_ws/src/com2009_team65_2025/build/com2009_team65_2025' returned '0': CMAKE_PREFIX_PATH=${CMAKE_PREFIX_PATH}:/opt/ros/humble /usr/bin/cmake --build /home/student/ros2_ws/src/com2009_team65_2025/build/com2009_team65_2025 -- -j12 -l12
[17.353s] DEBUG:colcon.colcon_core.event_handler.log_command:Invoking command in '/home/student/ros2_ws/src/com2009_team65_2025/build/com2009_team65_2025': CMAKE_PREFIX_PATH=${CMAKE_PREFIX_PATH}:/opt/ros/humble /usr/bin/cmake --install /home/student/ros2_ws/src/com2009_team65_2025/build/com2009_team65_2025
[18.449s] Level 1:colcon.colcon_core.environment:create_environment_scripts_only(com2009_team65_2025)
[18.449s] DEBUG:colcon.colcon_core.event_handler.log_command:Invoked command in '/home/student/ros2_ws/src/com2009_team65_2025/build/com2009_team65_2025' returned '0': CMAKE_PREFIX_PATH=${CMAKE_PREFIX_PATH}:/opt/ros/humble /usr/bin/cmake --install /home/student/ros2_ws/src/com2009_team65_2025/build/com2009_team65_2025
[18.453s] Level 1:colcon.colcon_core.environment:checking '/home/student/ros2_ws/src/com2009_team65_2025/install/com2009_team65_2025' for CMake module files
[18.454s] Level 1:colcon.colcon_core.environment:checking '/home/student/ros2_ws/src/com2009_team65_2025/install/com2009_team65_2025' for CMake config files
[18.455s] Level 1:colcon.colcon_core.shell:create_environment_hook('com2009_team65_2025', 'cmake_prefix_path')
[18.455s] INFO:colcon.colcon_core.shell:Creating environment hook '/home/student/ros2_ws/src/com2009_team65_2025/install/com2009_team65_2025/share/com2009_team65_2025/hook/cmake_prefix_path.ps1'
[18.457s] INFO:colcon.colcon_core.shell:Creating environment descriptor '/home/student/ros2_ws/src/com2009_team65_2025/install/com2009_team65_2025/share/com2009_team65_2025/hook/cmake_prefix_path.dsv'
[18.457s] INFO:colcon.colcon_core.shell:Creating environment hook '/home/student/ros2_ws/src/com2009_team65_2025/install/com2009_team65_2025/share/com2009_team65_2025/hook/cmake_prefix_path.sh'
[18.458s] Level 1:colcon.colcon_core.environment:checking '/home/student/ros2_ws/src/com2009_team65_2025/install/com2009_team65_2025/lib'
[18.459s] Level 1:colcon.colcon_core.shell:create_environment_hook('com2009_team65_2025', 'ld_library_path_lib')
[18.459s] INFO:colcon.colcon_core.shell:Creating environment hook '/home/student/ros2_ws/src/com2009_team65_2025/install/com2009_team65_2025/share/com2009_team65_2025/hook/ld_library_path_lib.ps1'
[18.459s] INFO:colcon.colcon_core.shell:Creating environment descriptor '/home/student/ros2_ws/src/com2009_team65_2025/install/com2009_team65_2025/share/com2009_team65_2025/hook/ld_library_path_lib.dsv'
[18.460s] INFO:colcon.colcon_core.shell:Creating environment hook '/home/student/ros2_ws/src/com2009_team65_2025/install/com2009_team65_2025/share/com2009_team65_2025/hook/ld_library_path_lib.sh'
[18.461s] Level 1:colcon.colcon_core.environment:checking '/home/student/ros2_ws/src/com2009_team65_2025/install/com2009_team65_2025/bin'
[18.461s] Level 1:colcon.colcon_core.environment:checking '/home/student/ros2_ws/src/com2009_team65_2025/install/com2009_team65_2025/lib/pkgconfig/com2009_team65_2025.pc'
[18.463s] Level 1:colcon.colcon_core.environment:checking '/home/student/ros2_ws/src/com2009_team65_2025/install/com2009_team65_2025/lib/python3.10/site-packages'
[18.463s] Level 1:colcon.colcon_core.environment:checking '/home/student/ros2_ws/src/com2009_team65_2025/install/com2009_team65_2025/bin'
[18.464s] INFO:colcon.colcon_core.shell:Creating package script '/home/student/ros2_ws/src/com2009_team65_2025/install/com2009_team65_2025/share/com2009_team65_2025/package.ps1'
[18.465s] INFO:colcon.colcon_core.shell:Creating package descriptor '/home/student/ros2_ws/src/com2009_team65_2025/install/com2009_team65_2025/share/com2009_team65_2025/package.dsv'
[18.466s] INFO:colcon.colcon_core.shell:Creating package script '/home/student/ros2_ws/src/com2009_team65_2025/install/com2009_team65_2025/share/com2009_team65_2025/package.sh'
[18.467s] INFO:colcon.colcon_core.shell:Creating package script '/home/student/ros2_ws/src/com2009_team65_2025/install/com2009_team65_2025/share/com2009_team65_2025/package.bash'
[18.468s] INFO:colcon.colcon_core.shell:Creating package script '/home/student/ros2_ws/src/com2009_team65_2025/install/com2009_team65_2025/share/com2009_team65_2025/package.zsh'
[18.469s] Level 1:colcon.colcon_core.environment:create_file_with_runtime_dependencies(/home/student/ros2_ws/src/com2009_team65_2025/install/com2009_team65_2025/share/colcon-core/packages/com2009_team65_2025)
[18.470s] Level 1:colcon.colcon_core.environment:create_environment_scripts_only(com2009_team65_2025)
[18.470s] Level 1:colcon.colcon_core.environment:checking '/home/student/ros2_ws/src/com2009_team65_2025/install/com2009_team65_2025' for CMake module files
[18.471s] Level 1:colcon.colcon_core.environment:checking '/home/student/ros2_ws/src/com2009_team65_2025/install/com2009_team65_2025' for CMake config files
[18.472s] Level 1:colcon.colcon_core.shell:create_environment_hook('com2009_team65_2025', 'cmake_prefix_path')
[18.472s] INFO:colcon.colcon_core.shell:Creating environment hook '/home/student/ros2_ws/src/com2009_team65_2025/install/com2009_team65_2025/share/com2009_team65_2025/hook/cmake_prefix_path.ps1'
[18.473s] INFO:colcon.colcon_core.shell:Creating environment descriptor '/home/student/ros2_ws/src/com2009_team65_2025/install/com2009_team65_2025/share/com2009_team65_2025/hook/cmake_prefix_path.dsv'
[18.473s] INFO:colcon.colcon_core.shell:Creating environment hook '/home/student/ros2_ws/src/com2009_team65_2025/install/com2009_team65_2025/share/com2009_team65_2025/hook/cmake_prefix_path.sh'
[18.474s] Level 1:colcon.colcon_core.environment:checking '/home/student/ros2_ws/src/com2009_team65_2025/install/com2009_team65_2025/lib'
[18.474s] Level 1:colcon.colcon_core.shell:create_environment_hook('com2009_team65_2025', 'ld_library_path_lib')
[18.475s] INFO:colcon.colcon_core.shell:Creating environment hook '/home/student/ros2_ws/src/com2009_team65_2025/install/com2009_team65_2025/share/com2009_team65_2025/hook/ld_library_path_lib.ps1'
[18.475s] INFO:colcon.colcon_core.shell:Creating environment descriptor '/home/student/ros2_ws/src/com2009_team65_2025/install/com2009_team65_2025/share/com2009_team65_2025/hook/ld_library_path_lib.dsv'
[18.476s] INFO:colcon.colcon_core.shell:Creating environment hook '/home/student/ros2_ws/src/com2009_team65_2025/install/com2009_team65_2025/share/com2009_team65_2025/hook/ld_library_path_lib.sh'
[18.476s] Level 1:colcon.colcon_core.environment:checking '/home/student/ros2_ws/src/com2009_team65_2025/install/com2009_team65_2025/bin'
[18.477s] Level 1:colcon.colcon_core.environment:checking '/home/student/ros2_ws/src/com2009_team65_2025/install/com2009_team65_2025/lib/pkgconfig/com2009_team65_2025.pc'
[18.477s] Level 1:colcon.colcon_core.environment:checking '/home/student/ros2_ws/src/com2009_team65_2025/install/com2009_team65_2025/lib/python3.10/site-packages'
[18.477s] Level 1:colcon.colcon_core.environment:checking '/home/student/ros2_ws/src/com2009_team65_2025/install/com2009_team65_2025/bin'
[18.477s] INFO:colcon.colcon_core.shell:Creating package script '/home/student/ros2_ws/src/com2009_team65_2025/install/com2009_team65_2025/share/com2009_team65_2025/package.ps1'
[18.478s] INFO:colcon.colcon_core.shell:Creating package descriptor '/home/student/ros2_ws/src/com2009_team65_2025/install/com2009_team65_2025/share/com2009_team65_2025/package.dsv'
[18.479s] INFO:colcon.colcon_core.shell:Creating package script '/home/student/ros2_ws/src/com2009_team65_2025/install/com2009_team65_2025/share/com2009_team65_2025/package.sh'
[18.479s] INFO:colcon.colcon_core.shell:Creating package script '/home/student/ros2_ws/src/com2009_team65_2025/install/com2009_team65_2025/share/com2009_team65_2025/package.bash'
[18.480s] INFO:colcon.colcon_core.shell:Creating package script '/home/student/ros2_ws/src/com2009_team65_2025/install/com2009_team65_2025/share/com2009_team65_2025/package.zsh'
[18.481s] Level 1:colcon.colcon_core.environment:create_file_with_runtime_dependencies(/home/student/ros2_ws/src/com2009_team65_2025/install/com2009_team65_2025/share/colcon-core/packages/com2009_team65_2025)
[18.481s] DEBUG:colcon.colcon_parallel_executor.executor.parallel:closing loop
[18.482s] DEBUG:colcon.colcon_parallel_executor.executor.parallel:loop closed
[18.482s] DEBUG:colcon.colcon_parallel_executor.executor.parallel:run_until_complete finished with '0'
[18.483s] DEBUG:colcon.colcon_core.event_reactor:joining thread
[18.566s] INFO:colcon.colcon_core.plugin_system:Skipping extension 'colcon_notification.desktop_notification.notify_send': Could not find 'notify-send'
[18.567s] INFO:colcon.colcon_core.plugin_system:Skipping extension 'colcon_notification.desktop_notification.terminal_notifier': Not used on non-Darwin systems
[18.567s] INFO:colcon.colcon_core.plugin_system:Skipping extension 'colcon_notification.desktop_notification.win32': Not used on non-Windows systems
[18.567s] INFO:colcon.colcon_notification.desktop_notification:Sending desktop notification using 'notify2'
[18.621s] DEBUG:colcon.colcon_notification.desktop_notification.notify2:Failed to initialize notify2: org.freedesktop.DBus.Error.Spawn.ExecFailed: /usr/bin/dbus-launch terminated abnormally without any error message
[18.622s] DEBUG:colcon.colcon_core.event_reactor:joined thread
[18.622s] INFO:colcon.colcon_core.shell:Creating prefix script '/home/student/ros2_ws/src/com2009_team65_2025/install/local_setup.ps1'
[18.623s] INFO:colcon.colcon_core.shell:Creating prefix util module '/home/student/ros2_ws/src/com2009_team65_2025/install/_local_setup_util_ps1.py'
[18.625s] INFO:colcon.colcon_core.shell:Creating prefix chain script '/home/student/ros2_ws/src/com2009_team65_2025/install/setup.ps1'
[18.627s] INFO:colcon.colcon_core.shell:Creating prefix script '/home/student/ros2_ws/src/com2009_team65_2025/install/local_setup.sh'
[18.627s] INFO:colcon.colcon_core.shell:Creating prefix util module '/home/student/ros2_ws/src/com2009_team65_2025/install/_local_setup_util_sh.py'
[18.628s] INFO:colcon.colcon_core.shell:Creating prefix chain script '/home/student/ros2_ws/src/com2009_team65_2025/install/setup.sh'
[18.629s] INFO:colcon.colcon_core.shell:Creating prefix script '/home/student/ros2_ws/src/com2009_team65_2025/install/local_setup.bash'
[18.630s] INFO:colcon.colcon_core.shell:Creating prefix chain script '/home/student/ros2_ws/src/com2009_team65_2025/install/setup.bash'
[18.631s] INFO:colcon.colcon_core.shell:Creating prefix script '/home/student/ros2_ws/src/com2009_team65_2025/install/local_setup.zsh'
[18.632s] INFO:colcon.colcon_core.shell:Creating prefix chain script '/home/student/ros2_ws/src/com2009_team65_2025/install/setup.zsh'
